Log file open, 01/31/20 23:38:50
LogWindows: Failed to load 'aqProf.dll' (GetLastError=126)
LogWindows: File 'aqProf.dll' does not exist
LogWindows: Failed to load 'VtuneApi.dll' (GetLastError=126)
LogWindows: File 'VtuneApi.dll' does not exist
LogWindows: Failed to load 'VtuneApi32e.dll' (GetLastError=126)
LogWindows: File 'VtuneApi32e.dll' does not exist
LogConsoleResponse: Display: Failed to find resolution value strings in scalability ini. Falling back to default.
LogInit: Display: Running engine for game: GridBasedPlacing
LogPlatformFile: Not using cached read wrapper
LogTaskGraph: Started task graph with 5 named threads and 23 total threads with 3 sets of task threads.
LogStats: Stats thread started at 0.099700
LogD3D11RHI: Loaded GFSDK_Aftermath_Lib.x64.dll
LogICUInternationalization: ICU TimeZone Detection - Raw Offset: +1:00, Platform Override: ''
LogPluginManager: Mounting plugin Paper2D
LogPluginManager: Mounting plugin AISupport
LogPluginManager: Mounting plugin LightPropagationVolume
LogPluginManager: Mounting plugin ActorLayerUtilities
LogPluginManager: Mounting plugin AnimationSharing
LogPluginManager: Mounting plugin CLionSourceCodeAccess
LogPluginManager: Mounting plugin CodeLiteSourceCodeAccess
LogPluginManager: Mounting plugin GitSourceControl
LogPluginManager: Mounting plugin KDevelopSourceCodeAccess
LogPluginManager: Mounting plugin NullSourceCodeAccess
LogPluginManager: Mounting plugin PerforceSourceControl
LogPluginManager: Mounting plugin PlasticSourceControl
LogPluginManager: Mounting plugin SubversionSourceControl
LogPluginManager: Mounting plugin UObjectPlugin
LogPluginManager: Mounting plugin VisualStudioCodeSourceCodeAccess
LogPluginManager: Mounting plugin VisualStudioSourceCodeAccess
LogPluginManager: Mounting plugin XCodeSourceCodeAccess
LogPluginManager: Mounting plugin AssetManagerEditor
LogPluginManager: Mounting plugin CryptoKeys
LogPluginManager: Mounting plugin CurveEditorTools
LogPluginManager: Mounting plugin DataValidation
LogPluginManager: Mounting plugin FacialAnimation
LogPluginManager: Mounting plugin GameplayTagsEditor
LogPluginManager: Mounting plugin MacGraphicsSwitching
LogPluginManager: Mounting plugin MaterialAnalyzer
LogPluginManager: Mounting plugin MobileLauncherProfileWizard
LogPluginManager: Mounting plugin PluginBrowser
LogPluginManager: Mounting plugin SpeedTreeImporter
LogPluginManager: Mounting plugin DatasmithContent
LogPluginManager: Mounting plugin VariantManagerContent
LogPluginManager: Mounting plugin AlembicImporter
LogPluginManager: Mounting plugin AutomationUtils
LogPluginManager: Mounting plugin BackChannel
LogPluginManager: Mounting plugin CharacterAI
LogPluginManager: Mounting plugin GeometryCache
LogPluginManager: Mounting plugin PlatformCrypto
LogPluginManager: Mounting plugin ProxyLODPlugin
LogPluginManager: Mounting plugin SkeletalReduction
LogPluginManager: Mounting plugin MagicLeap
LogPluginManager: Mounting plugin MagicLeapMedia
LogPluginManager: Mounting plugin MLSDK
LogPluginManager: Mounting plugin AndroidMedia
LogPluginManager: Mounting plugin AvfMedia
LogPluginManager: Mounting plugin ImgMedia
LogPluginManager: Mounting plugin MediaCompositing
LogPluginManager: Mounting plugin MediaPlayerEditor
LogPluginManager: Mounting plugin WebMMedia
LogPluginManager: Mounting plugin WmfMedia
LogPluginManager: Mounting plugin TcpMessaging
LogPluginManager: Mounting plugin UdpMessaging
LogPluginManager: Mounting plugin ActorSequence
LogPluginManager: Mounting plugin LevelSequenceEditor
LogPluginManager: Mounting plugin MatineeToLevelSequence
LogPluginManager: Mounting plugin NetcodeUnitTest
LogPluginManager: Mounting plugin NUTUnrealEngine4
LogPluginManager: Mounting plugin OnlineSubsystemGooglePlay
LogPluginManager: Mounting plugin OnlineSubsystemIOS
LogPluginManager: Mounting plugin OnlineSubsystem
LogPluginManager: Mounting plugin OnlineSubsystemNull
LogPluginManager: Mounting plugin OnlineSubsystemUtils
LogPluginManager: Mounting plugin LauncherChunkInstaller
LogPluginManager: Mounting plugin AndroidDeviceProfileSelector
LogPluginManager: Mounting plugin AndroidMoviePlayer
LogPluginManager: Mounting plugin AndroidPermission
LogPluginManager: Mounting plugin AppleImageUtils
LogPluginManager: Mounting plugin AppleMoviePlayer
LogPluginManager: Mounting plugin ArchVisCharacter
LogPluginManager: Mounting plugin AssetTags
LogPluginManager: Mounting plugin AudioCapture
LogPluginManager: Mounting plugin CableComponent
LogPluginManager: Mounting plugin CustomMeshComponent
LogPluginManager: Mounting plugin EditableMesh
LogPluginManager: Mounting plugin ExampleDeviceProfileSelector
LogPluginManager: Mounting plugin GoogleCloudMessaging
LogPluginManager: Mounting plugin IOSDeviceProfileSelector
LogPluginManager: Mounting plugin LinuxDeviceProfileSelector
LogPluginManager: Mounting plugin LocationServicesBPLibrary
LogPluginManager: Mounting plugin MobilePatchingUtils
LogPluginManager: Mounting plugin OculusVR
LogPluginManager: Mounting plugin PhysXVehicles
LogPluginManager: Mounting plugin PostSplashScreen
LogPluginManager: Mounting plugin ProceduralMeshComponent
LogPluginManager: Mounting plugin RuntimePhysXCooking
LogPluginManager: Mounting plugin SignificanceManager
LogPluginManager: Mounting plugin SteamVR
LogPluginManager: Mounting plugin WebMMoviePlayer
LogPluginManager: Mounting plugin WindowsMoviePlayer
LogPluginManager: Mounting plugin ScreenshotTools
LogInit: Using libcurl 7.55.1-DEV
LogInit:  - built for x86_64-pc-win32
LogInit:  - supports SSL with OpenSSL/1.1.1
LogInit:  - supports HTTP deflate (compression) using libz 1.2.8
LogInit:  - other features:
LogInit:      CURL_VERSION_SSL
LogInit:      CURL_VERSION_LIBZ
LogInit:      CURL_VERSION_IPV6
LogInit:      CURL_VERSION_ASYNCHDNS
LogInit:      CURL_VERSION_LARGEFILE
LogInit:      CURL_VERSION_IDN
LogInit:  CurlRequestOptions (configurable via config and command line):
LogInit:  - bVerifyPeer = true  - Libcurl will verify peer certificate
LogInit:  - bUseHttpProxy = false  - Libcurl will NOT use HTTP proxy
LogInit:  - bDontReuseConnections = false  - Libcurl will reuse connections
LogInit:  - MaxHostConnections = 16  - Libcurl will limit the number of connections to a host
LogInit:  - LocalHostAddr = Default
LogInit:  - BufferSize = 65536
LogOnline: OSS: Creating online subsystem instance for: NULL
LogInit: WinSock: version 1.1 (2.2), MaxSocks=32767, MaxUdp=65467
LogOnline: OSS: TryLoadSubsystemAndSetDefault: Loaded subsystem for module [NULL]
LogInit: Build: ++UE4+Release-4.24-CL-11100242
LogInit: Engine Version: 4.24.2-11100242+++UE4+Release-4.24
LogInit: Compatible Engine Version: 4.24.0-10570792+++UE4+Release-4.24
LogInit: Net CL: 10570792
LogInit: OS: Windows 10 (Release 1809) (), CPU: Intel(R) Core(TM) i7-6700HQ CPU @ 2.60GHz, GPU: NVIDIA GeForce GTX 1070
LogInit: Compiled (64-bit): Jan 24 2020 02:05:53
LogInit: Compiled with Visual C++: 19.16.27032.01
LogInit: Build Configuration: Development
LogInit: Branch Name: ++UE4+Release-4.24
LogInit: Command Line: 
LogInit: Base Directory: C:/Program Files/Epic Games/UE_4.24/Engine/Binaries/Win64/
LogInit: Installed Engine Build: 1
LogDevObjectVersion: Number of dev versions registered: 25
LogDevObjectVersion:   Dev-Blueprints (B0D832E4-1F89-4F0D-ACCF-7EB736FD4AA2): 10
LogDevObjectVersion:   Dev-Build (E1C64328-A22C-4D53-A36C-8E866417BD8C): 0
LogDevObjectVersion:   Dev-Core (375EC13C-06E4-48FB-B500-84F0262A717E): 3
LogDevObjectVersion:   Dev-Editor (E4B068ED-F494-42E9-A231-DA0B2E46BB41): 37
LogDevObjectVersion:   Dev-Framework (CFFC743F-43B0-4480-9391-14DF171D2073): 36
LogDevObjectVersion:   Dev-Mobile (B02B49B5-BB20-44E9-A304-32B752E40360): 2
LogDevObjectVersion:   Dev-Networking (A4E4105C-59A1-49B5-A7C5-40C4547EDFEE): 0
LogDevObjectVersion:   Dev-Online (39C831C9-5AE6-47DC-9A44-9C173E1C8E7C): 0
LogDevObjectVersion:   Dev-Physics (78F01B33-EBEA-4F98-B9B4-84EACCB95AA2): 2
LogDevObjectVersion:   Dev-Platform (6631380F-2D4D-43E0-8009-CF276956A95A): 0
LogDevObjectVersion:   Dev-Rendering (12F88B9F-8875-4AFC-A67C-D90C383ABD29): 36
LogDevObjectVersion:   Dev-Sequencer (7B5AE74C-D270-4C10-A958-57980B212A5A): 11
LogDevObjectVersion:   Dev-VR (D7296918-1DD6-4BDD-9DE2-64A83CC13884): 2
LogDevObjectVersion:   Dev-LoadTimes (C2A15278-BFE7-4AFE-6C17-90FF531DF755): 1
LogDevObjectVersion:   Private-Geometry (6EACA3D4-40EC-4CC1-B786-8BED09428FC5): 3
LogDevObjectVersion:   Dev-AnimPhys (29E575DD-E0A3-4627-9D10-D276232CDCEA): 17
LogDevObjectVersion:   Dev-Anim (AF43A65D-7FD3-4947-9873-3E8ED9C1BB05): 2
LogDevObjectVersion:   Dev-ReflectionCapture (6B266CEC-1EC7-4B8F-A30B-E4D90942FC07): 1
LogDevObjectVersion:   Dev-Automation (0DF73D61-A23F-47EA-B727-89E90C41499A): 1
LogDevObjectVersion:   FortniteMain (601D1886-AC64-4F84-AA16-D3DE0DEAC7D6): 31
LogDevObjectVersion:   Dev-Enterprise (9DFFBCD6-494F-0158-E221-12823C92A888): 8
LogDevObjectVersion:   Dev-Niagara (F2AED0AC-9AFE-416F-8664-AA7FFA26D6FC): 1
LogDevObjectVersion:   Dev-Destruction (174F1F0B-B4C6-45A5-B13F-2EE8D0FB917D): 9
LogDevObjectVersion:   Dev-Physics-Ext (35F94A83-E258-406C-A318-09F59610247C): 8
LogDevObjectVersion:   Dev-CineCamera (B2E18506-4273-CFC2-A54E-F4BB758BBA07): 1
LogInit: Presizing for max 25165824 objects, including 0 objects not considered by GC, pre-allocating 0 bytes for permanent pool.
LogInit: Object subsystem initialized
LogConfig: Setting CVar [[con.DebugEarlyDefault:1]]
LogConfig: Setting CVar [[r.setres:1280x720]]
[2020.01.31-22.38.50:400][  0]LogConfig: Setting CVar [[r.VSync:0]]
[2020.01.31-22.38.50:400][  0]LogConfig: Setting CVar [[r.RHICmdBypass:0]]
[2020.01.31-22.38.50:400][  0]LogConfig: Applying CVar settings from Section [/Script/Engine.RendererSettings] File [I:/ToolsWorkspace/GameJam2020/GridBasedPlacing/Saved/Config/Windows/Engine.ini]
[2020.01.31-22.38.50:400][  0]LogConfig: Setting CVar [[r.GPUCrashDebugging:0]]
[2020.01.31-22.38.50:400][  0]LogConfig: Applying CVar settings from Section [/Script/Engine.RendererOverrideSettings] File [I:/ToolsWorkspace/GameJam2020/GridBasedPlacing/Saved/Config/Windows/Engine.ini]
[2020.01.31-22.38.50:400][  0]LogConfig: Applying CVar settings from Section [/Script/Engine.StreamingSettings] File [I:/ToolsWorkspace/GameJam2020/GridBasedPlacing/Saved/Config/Windows/Engine.ini]
[2020.01.31-22.38.50:400][  0]LogConfig: Setting CVar [[s.MinBulkDataSizeForAsyncLoading:131072]]
[2020.01.31-22.38.50:400][  0]LogConfig: Setting CVar [[s.AsyncLoadingThreadEnabled:0]]
[2020.01.31-22.38.50:400][  0]LogConfig: Setting CVar [[s.EventDrivenLoaderEnabled:1]]
[2020.01.31-22.38.50:400][  0]LogConfig: Setting CVar [[s.WarnIfTimeLimitExceeded:0]]
[2020.01.31-22.38.50:400][  0]LogConfig: Setting CVar [[s.TimeLimitExceededMultiplier:1.5]]
[2020.01.31-22.38.50:400][  0]LogConfig: Setting CVar [[s.TimeLimitExceededMinTime:0.005]]
[2020.01.31-22.38.50:400][  0]LogConfig: Setting CVar [[s.UseBackgroundLevelStreaming:1]]
[2020.01.31-22.38.50:401][  0]LogConfig: Setting CVar [[s.PriorityAsyncLoadingExtraTime:15.0]]
[2020.01.31-22.38.50:401][  0]LogConfig: Setting CVar [[s.LevelStreamingActorsUpdateTimeLimit:5.0]]
[2020.01.31-22.38.50:401][  0]LogConfig: Setting CVar [[s.PriorityLevelStreamingActorsUpdateExtraTime:5.0]]
[2020.01.31-22.38.50:401][  0]LogConfig: Setting CVar [[s.LevelStreamingComponentsRegistrationGranularity:10]]
[2020.01.31-22.38.50:401][  0]LogConfig: Setting CVar [[s.UnregisterComponentsTimeLimit:1.0]]
[2020.01.31-22.38.50:401][  0]LogConfig: Setting CVar [[s.LevelStreamingComponentsUnregistrationGranularity:5]]
[2020.01.31-22.38.50:401][  0]LogConfig: Setting CVar [[s.FlushStreamingOnExit:1]]
[2020.01.31-22.38.50:401][  0]LogConfig: Applying CVar settings from Section [/Script/Engine.GarbageCollectionSettings] File [I:/ToolsWorkspace/GameJam2020/GridBasedPlacing/Saved/Config/Windows/Engine.ini]
[2020.01.31-22.38.50:401][  0]LogConfig: Setting CVar [[gc.MaxObjectsNotConsideredByGC:1]]
[2020.01.31-22.38.50:401][  0]LogConfig: Setting CVar [[gc.SizeOfPermanentObjectPool:0]]
[2020.01.31-22.38.50:401][  0]LogConfig: Setting CVar [[gc.FlushStreamingOnGC:0]]
[2020.01.31-22.38.50:401][  0]LogConfig: Setting CVar [[gc.NumRetriesBeforeForcingGC:10]]
[2020.01.31-22.38.50:401][  0]LogConfig: Setting CVar [[gc.AllowParallelGC:1]]
[2020.01.31-22.38.50:401][  0]LogConfig: Setting CVar [[gc.TimeBetweenPurgingPendingKillObjects:61.1]]
[2020.01.31-22.38.50:401][  0]LogConfig: Setting CVar [[gc.MaxObjectsInEditor:25165824]]
[2020.01.31-22.38.50:401][  0]LogConfig: Setting CVar [[gc.IncrementalBeginDestroyEnabled:1]]
[2020.01.31-22.38.50:401][  0]LogConfig: Setting CVar [[gc.CreateGCClusters:1]]
[2020.01.31-22.38.50:401][  0]LogConfig: Setting CVar [[gc.MinGCClusterSize:5]]
[2020.01.31-22.38.50:401][  0]LogConfig: Setting CVar [[gc.ActorClusteringEnabled:0]]
[2020.01.31-22.38.50:401][  0]LogConfig: Setting CVar [[gc.BlueprintClusteringEnabled:0]]
[2020.01.31-22.38.50:401][  0]LogConfig: Setting CVar [[gc.UseDisregardForGCOnDedicatedServers:0]]
[2020.01.31-22.38.50:401][  0]LogConfig: Applying CVar settings from Section [/Script/Engine.NetworkSettings] File [I:/ToolsWorkspace/GameJam2020/GridBasedPlacing/Saved/Config/Windows/Engine.ini]
[2020.01.31-22.38.50:401][  0]LogConfig: Applying CVar settings from Section [/Script/UnrealEd.CookerSettings] File [I:/ToolsWorkspace/GameJam2020/GridBasedPlacing/Saved/Config/Windows/Engine.ini]
[2020.01.31-22.38.50:403][  0]LogConfig: Applying CVar settings from Section [ViewDistanceQuality@3] File [I:/ToolsWorkspace/GameJam2020/GridBasedPlacing/Saved/Config/Windows/Scalability.ini]
[2020.01.31-22.38.50:403][  0]LogConfig: Setting CVar [[r.SkeletalMeshLODBias:0]]
[2020.01.31-22.38.50:403][  0]LogConfig: Setting CVar [[r.ViewDistanceScale:1.0]]
[2020.01.31-22.38.50:403][  0]LogConfig: Applying CVar settings from Section [AntiAliasingQuality@3] File [I:/ToolsWorkspace/GameJam2020/GridBasedPlacing/Saved/Config/Windows/Scalability.ini]
[2020.01.31-22.38.50:403][  0]LogConfig: Setting CVar [[r.PostProcessAAQuality:4]]
[2020.01.31-22.38.50:403][  0]LogConfig: Applying CVar settings from Section [ShadowQuality@3] File [I:/ToolsWorkspace/GameJam2020/GridBasedPlacing/Saved/Config/Windows/Scalability.ini]
[2020.01.31-22.38.50:403][  0]LogConfig: Setting CVar [[r.LightFunctionQuality:1]]
[2020.01.31-22.38.50:403][  0]LogConfig: Setting CVar [[r.ShadowQuality:5]]
[2020.01.31-22.38.50:403][  0]LogConfig: Setting CVar [[r.Shadow.CSM.MaxCascades:10]]
[2020.01.31-22.38.50:403][  0]LogConfig: Setting CVar [[r.Shadow.MaxResolution:2048]]
[2020.01.31-22.38.50:403][  0]LogConfig: Setting CVar [[r.Shadow.MaxCSMResolution:2048]]
[2020.01.31-22.38.50:403][  0]LogConfig: Setting CVar [[r.Shadow.RadiusThreshold:0.01]]
[2020.01.31-22.38.50:403][  0]LogConfig: Setting CVar [[r.Shadow.DistanceScale:1.0]]
[2020.01.31-22.38.50:403][  0]LogConfig: Setting CVar [[r.Shadow.CSM.TransitionScale:1.0]]
[2020.01.31-22.38.50:403][  0]LogConfig: Setting CVar [[r.Shadow.PreShadowResolutionFactor:1.0]]
[2020.01.31-22.38.50:403][  0]LogConfig: Setting CVar [[r.DistanceFieldShadowing:1]]
[2020.01.31-22.38.50:403][  0]LogConfig: Setting CVar [[r.DistanceFieldAO:1]]
[2020.01.31-22.38.50:403][  0]LogConfig: Setting CVar [[r.AOQuality:2]]
[2020.01.31-22.38.50:403][  0]LogConfig: Setting CVar [[r.VolumetricFog:1]]
[2020.01.31-22.38.50:403][  0]LogConfig: Setting CVar [[r.VolumetricFog.GridPixelSize:8]]
[2020.01.31-22.38.50:403][  0]LogConfig: Setting CVar [[r.VolumetricFog.GridSizeZ:128]]
[2020.01.31-22.38.50:403][  0]LogConfig: Setting CVar [[r.VolumetricFog.HistoryMissSupersampleCount:4]]
[2020.01.31-22.38.50:403][  0]LogConfig: Setting CVar [[r.LightMaxDrawDistanceScale:1]]
[2020.01.31-22.38.50:403][  0]LogConfig: Setting CVar [[r.CapsuleShadows:1]]
[2020.01.31-22.38.50:403][  0]LogConfig: Applying CVar settings from Section [PostProcessQuality@3] File [I:/ToolsWorkspace/GameJam2020/GridBasedPlacing/Saved/Config/Windows/Scalability.ini]
[2020.01.31-22.38.50:403][  0]LogConfig: Setting CVar [[r.MotionBlurQuality:4]]
[2020.01.31-22.38.50:403][  0]LogConfig: Setting CVar [[r.AmbientOcclusionMipLevelFactor:0.4]]
[2020.01.31-22.38.50:403][  0]LogConfig: Setting CVar [[r.AmbientOcclusionMaxQuality:100]]
[2020.01.31-22.38.50:403][  0]LogConfig: Setting CVar [[r.AmbientOcclusionLevels:-1]]
[2020.01.31-22.38.50:403][  0]LogConfig: Setting CVar [[r.AmbientOcclusionRadiusScale:1.0]]
[2020.01.31-22.38.50:403][  0]LogConfig: Setting CVar [[r.DepthOfFieldQuality:2]]
[2020.01.31-22.38.50:403][  0]LogConfig: Setting CVar [[r.RenderTargetPoolMin:400]]
[2020.01.31-22.38.50:404][  0]LogConfig: Setting CVar [[r.LensFlareQuality:2]]
[2020.01.31-22.38.50:404][  0]LogConfig: Setting CVar [[r.SceneColorFringeQuality:1]]
[2020.01.31-22.38.50:404][  0]LogConfig: Setting CVar [[r.EyeAdaptationQuality:2]]
[2020.01.31-22.38.50:404][  0]LogConfig: Setting CVar [[r.BloomQuality:5]]
[2020.01.31-22.38.50:404][  0]LogConfig: Setting CVar [[r.FastBlurThreshold:100]]
[2020.01.31-22.38.50:404][  0]LogConfig: Setting CVar [[r.Upscale.Quality:3]]
[2020.01.31-22.38.50:404][  0]LogConfig: Setting CVar [[r.Tonemapper.GrainQuantization:1]]
[2020.01.31-22.38.50:404][  0]LogConfig: Setting CVar [[r.LightShaftQuality:1]]
[2020.01.31-22.38.50:404][  0]LogConfig: Setting CVar [[r.Filter.SizeScale:1]]
[2020.01.31-22.38.50:404][  0]LogConfig: Setting CVar [[r.Tonemapper.Quality:5]]
[2020.01.31-22.38.50:404][  0]LogConfig: Setting CVar [[r.DOF.Gather.AccumulatorQuality:1        ; higher gathering accumulator quality]]
[2020.01.31-22.38.50:404][  0]LogConfig: Setting CVar [[r.DOF.Gather.PostfilterMethod:1          ; Median3x3 postfilering method]]
[2020.01.31-22.38.50:404][  0]LogConfig: Setting CVar [[r.DOF.Gather.EnableBokehSettings:0       ; no bokeh simulation when gathering]]
[2020.01.31-22.38.50:404][  0]LogConfig: Setting CVar [[r.DOF.Gather.RingCount:4                 ; medium number of samples when gathering]]
[2020.01.31-22.38.50:404][  0]LogConfig: Setting CVar [[r.DOF.Scatter.ForegroundCompositing:1    ; additive foreground scattering]]
[2020.01.31-22.38.50:404][  0]LogConfig: Setting CVar [[r.DOF.Scatter.BackgroundCompositing:2    ; additive background scattering]]
[2020.01.31-22.38.50:404][  0]LogConfig: Setting CVar [[r.DOF.Scatter.EnableBokehSettings:1      ; bokeh simulation when scattering]]
[2020.01.31-22.38.50:404][  0]LogConfig: Setting CVar [[r.DOF.Scatter.MaxSpriteRatio:0.1         ; only a maximum of 10% of scattered bokeh]]
[2020.01.31-22.38.50:404][  0]LogConfig: Setting CVar [[r.DOF.Recombine.Quality:1                ; cheap slight out of focus]]
[2020.01.31-22.38.50:404][  0]LogConfig: Setting CVar [[r.DOF.Recombine.EnableBokehSettings:0    ; no bokeh simulation on slight out of focus]]
[2020.01.31-22.38.50:404][  0]LogConfig: Setting CVar [[r.DOF.TemporalAAQuality:1                ; more stable temporal accumulation]]
[2020.01.31-22.38.50:404][  0]LogConfig: Setting CVar [[r.DOF.Kernel.MaxForegroundRadius:0.025]]
[2020.01.31-22.38.50:404][  0]LogConfig: Setting CVar [[r.DOF.Kernel.MaxBackgroundRadius:0.025]]
[2020.01.31-22.38.50:404][  0]LogConfig: Applying CVar settings from Section [TextureQuality@3] File [I:/ToolsWorkspace/GameJam2020/GridBasedPlacing/Saved/Config/Windows/Scalability.ini]
[2020.01.31-22.38.50:404][  0]LogConfig: Setting CVar [[r.Streaming.MipBias:0]]
[2020.01.31-22.38.50:404][  0]LogConfig: Setting CVar [[r.Streaming.AmortizeCPUToGPUCopy:0]]
[2020.01.31-22.38.50:404][  0]LogConfig: Setting CVar [[r.Streaming.MaxNumTexturesToStreamPerFrame:0]]
[2020.01.31-22.38.50:404][  0]LogConfig: Setting CVar [[r.Streaming.Boost:1]]
[2020.01.31-22.38.50:404][  0]LogConfig: Setting CVar [[r.MaxAnisotropy:8]]
[2020.01.31-22.38.50:404][  0]LogConfig: Setting CVar [[r.VT.MaxAnisotropy:8]]
[2020.01.31-22.38.50:404][  0]LogConfig: Setting CVar [[r.Streaming.LimitPoolSizeToVRAM:0]]
[2020.01.31-22.38.50:404][  0]LogConfig: Setting CVar [[r.Streaming.PoolSize:1000]]
[2020.01.31-22.38.50:404][  0]LogConfig: Setting CVar [[r.Streaming.MaxEffectiveScreenSize:0]]
[2020.01.31-22.38.50:404][  0]LogConfig: Applying CVar settings from Section [EffectsQuality@3] File [I:/ToolsWorkspace/GameJam2020/GridBasedPlacing/Saved/Config/Windows/Scalability.ini]
[2020.01.31-22.38.50:404][  0]LogConfig: Setting CVar [[r.TranslucencyLightingVolumeDim:64]]
[2020.01.31-22.38.50:404][  0]LogConfig: Setting CVar [[r.RefractionQuality:2]]
[2020.01.31-22.38.50:404][  0]LogConfig: Setting CVar [[r.SSR.Quality:3]]
[2020.01.31-22.38.50:404][  0]LogConfig: Setting CVar [[r.SSR.HalfResSceneColor:0]]
[2020.01.31-22.38.50:404][  0]LogConfig: Setting CVar [[r.SceneColorFormat:4]]
[2020.01.31-22.38.50:404][  0]LogConfig: Setting CVar [[r.DetailMode:2]]
[2020.01.31-22.38.50:404][  0]LogConfig: Setting CVar [[r.TranslucencyVolumeBlur:1]]
[2020.01.31-22.38.50:404][  0]LogConfig: Setting CVar [[r.MaterialQualityLevel:1 ; High quality]]
[2020.01.31-22.38.50:404][  0]LogConfig: Setting CVar [[r.SSS.Scale:1]]
[2020.01.31-22.38.50:404][  0]LogConfig: Setting CVar [[r.SSS.SampleSet:2]]
[2020.01.31-22.38.50:404][  0]LogConfig: Setting CVar [[r.SSS.Quality:1]]
[2020.01.31-22.38.50:404][  0]LogConfig: Setting CVar [[r.SSS.HalfRes:1]]
[2020.01.31-22.38.50:404][  0]LogConfig: Setting CVar [[r.SSGI.Quality:3]]
[2020.01.31-22.38.50:404][  0]LogConfig: Setting CVar [[r.EmitterSpawnRateScale:1.0]]
[2020.01.31-22.38.50:404][  0]LogConfig: Setting CVar [[r.ParticleLightQuality:2]]
[2020.01.31-22.38.50:404][  0]LogConfig: Setting CVar [[r.SkyAtmosphere.AerialPerspectiveLUT.FastApplyOnOpaque:1 ; Always have FastSkyLUT 1 in this case to avoid wrong sky]]
[2020.01.31-22.38.50:404][  0]LogConfig: Setting CVar [[r.SkyAtmosphere.AerialPerspectiveLUT.SampleCountPerSlice:1]]
[2020.01.31-22.38.50:404][  0]LogConfig: Setting CVar [[r.SkyAtmosphere.AerialPerspectiveLUT.DepthResolution:16.0]]
[2020.01.31-22.38.50:404][  0]LogConfig: Setting CVar [[r.SkyAtmosphere.FastSkyLUT:1]]
[2020.01.31-22.38.50:404][  0]LogConfig: Setting CVar [[r.SkyAtmosphere.FastSkyLUT.SampleCountMin:4.0]]
[2020.01.31-22.38.50:404][  0]LogConfig: Setting CVar [[r.SkyAtmosphere.FastSkyLUT.SampleCountMax:32.0]]
[2020.01.31-22.38.50:404][  0]LogConfig: Setting CVar [[r.SkyAtmosphere.SampleCountMin:4.0]]
[2020.01.31-22.38.50:404][  0]LogConfig: Setting CVar [[r.SkyAtmosphere.SampleCountMax:32.0]]
[2020.01.31-22.38.50:404][  0]LogConfig: Setting CVar [[r.SkyAtmosphere.TransmittanceLUT.UseSmallFormat:0]]
[2020.01.31-22.38.50:404][  0]LogConfig: Setting CVar [[r.SkyAtmosphere.TransmittanceLUT.SampleCount:10.0]]
[2020.01.31-22.38.50:404][  0]LogConfig: Setting CVar [[r.SkyAtmosphere.MultiScatteringLUT.SampleCount:15.0]]
[2020.01.31-22.38.50:404][  0]LogConfig: Applying CVar settings from Section [FoliageQuality@3] File [I:/ToolsWorkspace/GameJam2020/GridBasedPlacing/Saved/Config/Windows/Scalability.ini]
[2020.01.31-22.38.50:404][  0]LogConfig: Setting CVar [[foliage.DensityScale:1.0]]
[2020.01.31-22.38.50:404][  0]LogConfig: Setting CVar [[grass.DensityScale:1.0]]
[2020.01.31-22.38.50:404][  0]LogConfig: Applying CVar settings from Section [ShadingQuality@3] File [I:/ToolsWorkspace/GameJam2020/GridBasedPlacing/Saved/Config/Windows/Scalability.ini]
[2020.01.31-22.38.50:404][  0]LogConfig: Setting CVar [[r.HairStrands.SkyLighting.SampleCount:16]]
[2020.01.31-22.38.50:405][  0]LogConfig: Setting CVar [[r.HairStrands.SkyLighting.JitterIntegration:0]]
[2020.01.31-22.38.50:405][  0]LogConfig: Setting CVar [[r.HairStrands.SkyAO.SampleCount:16]]
[2020.01.31-22.38.50:405][  0]LogInit: Selected Device Profile: [Windows]
[2020.01.31-22.38.50:405][  0]LogInit: Applying CVar settings loaded from the selected device profile: [Windows]
[2020.01.31-22.38.50:407][  0]LogHAL: Display: Platform has ~ 32 GB [34292293632 / 34359738368 / 32], which maps to Largest [LargestMinGB=32, LargerMinGB=12, DefaultMinGB=8, SmallerMinGB=6, SmallestMinGB=0)
[2020.01.31-22.38.50:407][  0]LogInit: Going up to parent DeviceProfile []
[2020.01.31-22.38.50:407][  0]LogConfig: Applying CVar settings from Section [ViewDistanceQuality@3] File [I:/ToolsWorkspace/GameJam2020/GridBasedPlacing/Saved/Config/Windows/Scalability.ini]
[2020.01.31-22.38.50:407][  0]LogConfig: Setting CVar [[r.SkeletalMeshLODBias:0]]
[2020.01.31-22.38.50:407][  0]LogConfig: Setting CVar [[r.ViewDistanceScale:1.0]]
[2020.01.31-22.38.50:407][  0]LogConfig: Applying CVar settings from Section [AntiAliasingQuality@3] File [I:/ToolsWorkspace/GameJam2020/GridBasedPlacing/Saved/Config/Windows/Scalability.ini]
[2020.01.31-22.38.50:407][  0]LogConfig: Setting CVar [[r.PostProcessAAQuality:4]]
[2020.01.31-22.38.50:407][  0]LogConfig: Applying CVar settings from Section [ShadowQuality@3] File [I:/ToolsWorkspace/GameJam2020/GridBasedPlacing/Saved/Config/Windows/Scalability.ini]
[2020.01.31-22.38.50:407][  0]LogConfig: Setting CVar [[r.LightFunctionQuality:1]]
[2020.01.31-22.38.50:407][  0]LogConfig: Setting CVar [[r.ShadowQuality:5]]
[2020.01.31-22.38.50:407][  0]LogConfig: Setting CVar [[r.Shadow.CSM.MaxCascades:10]]
[2020.01.31-22.38.50:407][  0]LogConfig: Setting CVar [[r.Shadow.MaxResolution:2048]]
[2020.01.31-22.38.50:407][  0]LogConfig: Setting CVar [[r.Shadow.MaxCSMResolution:2048]]
[2020.01.31-22.38.50:407][  0]LogConfig: Setting CVar [[r.Shadow.RadiusThreshold:0.01]]
[2020.01.31-22.38.50:407][  0]LogConfig: Setting CVar [[r.Shadow.DistanceScale:1.0]]
[2020.01.31-22.38.50:407][  0]LogConfig: Setting CVar [[r.Shadow.CSM.TransitionScale:1.0]]
[2020.01.31-22.38.50:407][  0]LogConfig: Setting CVar [[r.Shadow.PreShadowResolutionFactor:1.0]]
[2020.01.31-22.38.50:407][  0]LogConfig: Setting CVar [[r.DistanceFieldShadowing:1]]
[2020.01.31-22.38.50:407][  0]LogConfig: Setting CVar [[r.DistanceFieldAO:1]]
[2020.01.31-22.38.50:407][  0]LogConfig: Setting CVar [[r.AOQuality:2]]
[2020.01.31-22.38.50:407][  0]LogConfig: Setting CVar [[r.VolumetricFog:1]]
[2020.01.31-22.38.50:407][  0]LogConfig: Setting CVar [[r.VolumetricFog.GridPixelSize:8]]
[2020.01.31-22.38.50:407][  0]LogConfig: Setting CVar [[r.VolumetricFog.GridSizeZ:128]]
[2020.01.31-22.38.50:407][  0]LogConfig: Setting CVar [[r.VolumetricFog.HistoryMissSupersampleCount:4]]
[2020.01.31-22.38.50:407][  0]LogConfig: Setting CVar [[r.LightMaxDrawDistanceScale:1]]
[2020.01.31-22.38.50:407][  0]LogConfig: Setting CVar [[r.CapsuleShadows:1]]
[2020.01.31-22.38.50:408][  0]LogConfig: Applying CVar settings from Section [PostProcessQuality@3] File [I:/ToolsWorkspace/GameJam2020/GridBasedPlacing/Saved/Config/Windows/Scalability.ini]
[2020.01.31-22.38.50:408][  0]LogConfig: Setting CVar [[r.MotionBlurQuality:4]]
[2020.01.31-22.38.50:408][  0]LogConfig: Setting CVar [[r.AmbientOcclusionMipLevelFactor:0.4]]
[2020.01.31-22.38.50:408][  0]LogConfig: Setting CVar [[r.AmbientOcclusionMaxQuality:100]]
[2020.01.31-22.38.50:408][  0]LogConfig: Setting CVar [[r.AmbientOcclusionLevels:-1]]
[2020.01.31-22.38.50:408][  0]LogConfig: Setting CVar [[r.AmbientOcclusionRadiusScale:1.0]]
[2020.01.31-22.38.50:408][  0]LogConfig: Setting CVar [[r.DepthOfFieldQuality:2]]
[2020.01.31-22.38.50:408][  0]LogConfig: Setting CVar [[r.RenderTargetPoolMin:400]]
[2020.01.31-22.38.50:408][  0]LogConfig: Setting CVar [[r.LensFlareQuality:2]]
[2020.01.31-22.38.50:408][  0]LogConfig: Setting CVar [[r.SceneColorFringeQuality:1]]
[2020.01.31-22.38.50:408][  0]LogConfig: Setting CVar [[r.EyeAdaptationQuality:2]]
[2020.01.31-22.38.50:408][  0]LogConfig: Setting CVar [[r.BloomQuality:5]]
[2020.01.31-22.38.50:408][  0]LogConfig: Setting CVar [[r.FastBlurThreshold:100]]
[2020.01.31-22.38.50:408][  0]LogConfig: Setting CVar [[r.Upscale.Quality:3]]
[2020.01.31-22.38.50:408][  0]LogConfig: Setting CVar [[r.Tonemapper.GrainQuantization:1]]
[2020.01.31-22.38.50:408][  0]LogConfig: Setting CVar [[r.LightShaftQuality:1]]
[2020.01.31-22.38.50:408][  0]LogConfig: Setting CVar [[r.Filter.SizeScale:1]]
[2020.01.31-22.38.50:408][  0]LogConfig: Setting CVar [[r.Tonemapper.Quality:5]]
[2020.01.31-22.38.50:408][  0]LogConfig: Setting CVar [[r.DOF.Gather.AccumulatorQuality:1        ; higher gathering accumulator quality]]
[2020.01.31-22.38.50:408][  0]LogConfig: Setting CVar [[r.DOF.Gather.PostfilterMethod:1          ; Median3x3 postfilering method]]
[2020.01.31-22.38.50:408][  0]LogConfig: Setting CVar [[r.DOF.Gather.EnableBokehSettings:0       ; no bokeh simulation when gathering]]
[2020.01.31-22.38.50:408][  0]LogConfig: Setting CVar [[r.DOF.Gather.RingCount:4                 ; medium number of samples when gathering]]
[2020.01.31-22.38.50:408][  0]LogConfig: Setting CVar [[r.DOF.Scatter.ForegroundCompositing:1    ; additive foreground scattering]]
[2020.01.31-22.38.50:408][  0]LogConfig: Setting CVar [[r.DOF.Scatter.BackgroundCompositing:2    ; additive background scattering]]
[2020.01.31-22.38.50:408][  0]LogConfig: Setting CVar [[r.DOF.Scatter.EnableBokehSettings:1      ; bokeh simulation when scattering]]
[2020.01.31-22.38.50:408][  0]LogConfig: Setting CVar [[r.DOF.Scatter.MaxSpriteRatio:0.1         ; only a maximum of 10% of scattered bokeh]]
[2020.01.31-22.38.50:408][  0]LogConfig: Setting CVar [[r.DOF.Recombine.Quality:1                ; cheap slight out of focus]]
[2020.01.31-22.38.50:408][  0]LogConfig: Setting CVar [[r.DOF.Recombine.EnableBokehSettings:0    ; no bokeh simulation on slight out of focus]]
[2020.01.31-22.38.50:408][  0]LogConfig: Setting CVar [[r.DOF.TemporalAAQuality:1                ; more stable temporal accumulation]]
[2020.01.31-22.38.50:408][  0]LogConfig: Setting CVar [[r.DOF.Kernel.MaxForegroundRadius:0.025]]
[2020.01.31-22.38.50:408][  0]LogConfig: Setting CVar [[r.DOF.Kernel.MaxBackgroundRadius:0.025]]
[2020.01.31-22.38.50:408][  0]LogConfig: Applying CVar settings from Section [TextureQuality@3] File [I:/ToolsWorkspace/GameJam2020/GridBasedPlacing/Saved/Config/Windows/Scalability.ini]
[2020.01.31-22.38.50:408][  0]LogConfig: Setting CVar [[r.Streaming.MipBias:0]]
[2020.01.31-22.38.50:408][  0]LogConfig: Setting CVar [[r.Streaming.AmortizeCPUToGPUCopy:0]]
[2020.01.31-22.38.50:408][  0]LogConfig: Setting CVar [[r.Streaming.MaxNumTexturesToStreamPerFrame:0]]
[2020.01.31-22.38.50:408][  0]LogConfig: Setting CVar [[r.Streaming.Boost:1]]
[2020.01.31-22.38.50:408][  0]LogConfig: Setting CVar [[r.MaxAnisotropy:8]]
[2020.01.31-22.38.50:408][  0]LogConfig: Setting CVar [[r.VT.MaxAnisotropy:8]]
[2020.01.31-22.38.50:408][  0]LogConfig: Setting CVar [[r.Streaming.LimitPoolSizeToVRAM:0]]
[2020.01.31-22.38.50:408][  0]LogConfig: Setting CVar [[r.Streaming.PoolSize:1000]]
[2020.01.31-22.38.50:408][  0]LogConfig: Setting CVar [[r.Streaming.MaxEffectiveScreenSize:0]]
[2020.01.31-22.38.50:408][  0]LogConfig: Applying CVar settings from Section [EffectsQuality@3] File [I:/ToolsWorkspace/GameJam2020/GridBasedPlacing/Saved/Config/Windows/Scalability.ini]
[2020.01.31-22.38.50:408][  0]LogConfig: Setting CVar [[r.TranslucencyLightingVolumeDim:64]]
[2020.01.31-22.38.50:408][  0]LogConfig: Setting CVar [[r.RefractionQuality:2]]
[2020.01.31-22.38.50:408][  0]LogConfig: Setting CVar [[r.SSR.Quality:3]]
[2020.01.31-22.38.50:408][  0]LogConfig: Setting CVar [[r.SSR.HalfResSceneColor:0]]
[2020.01.31-22.38.50:408][  0]LogConfig: Setting CVar [[r.SceneColorFormat:4]]
[2020.01.31-22.38.50:408][  0]LogConfig: Setting CVar [[r.DetailMode:2]]
[2020.01.31-22.38.50:408][  0]LogConfig: Setting CVar [[r.TranslucencyVolumeBlur:1]]
[2020.01.31-22.38.50:408][  0]LogConfig: Setting CVar [[r.MaterialQualityLevel:1 ; High quality]]
[2020.01.31-22.38.50:408][  0]LogConfig: Setting CVar [[r.SSS.Scale:1]]
[2020.01.31-22.38.50:408][  0]LogConfig: Setting CVar [[r.SSS.SampleSet:2]]
[2020.01.31-22.38.50:408][  0]LogConfig: Setting CVar [[r.SSS.Quality:1]]
[2020.01.31-22.38.50:408][  0]LogConfig: Setting CVar [[r.SSS.HalfRes:1]]
[2020.01.31-22.38.50:408][  0]LogConfig: Setting CVar [[r.SSGI.Quality:3]]
[2020.01.31-22.38.50:408][  0]LogConfig: Setting CVar [[r.EmitterSpawnRateScale:1.0]]
[2020.01.31-22.38.50:408][  0]LogConfig: Setting CVar [[r.ParticleLightQuality:2]]
[2020.01.31-22.38.50:408][  0]LogConfig: Setting CVar [[r.SkyAtmosphere.AerialPerspectiveLUT.FastApplyOnOpaque:1 ; Always have FastSkyLUT 1 in this case to avoid wrong sky]]
[2020.01.31-22.38.50:408][  0]LogConfig: Setting CVar [[r.SkyAtmosphere.AerialPerspectiveLUT.SampleCountPerSlice:1]]
[2020.01.31-22.38.50:408][  0]LogConfig: Setting CVar [[r.SkyAtmosphere.AerialPerspectiveLUT.DepthResolution:16.0]]
[2020.01.31-22.38.50:408][  0]LogConfig: Setting CVar [[r.SkyAtmosphere.FastSkyLUT:1]]
[2020.01.31-22.38.50:408][  0]LogConfig: Setting CVar [[r.SkyAtmosphere.FastSkyLUT.SampleCountMin:4.0]]
[2020.01.31-22.38.50:408][  0]LogConfig: Setting CVar [[r.SkyAtmosphere.FastSkyLUT.SampleCountMax:32.0]]
[2020.01.31-22.38.50:408][  0]LogConfig: Setting CVar [[r.SkyAtmosphere.SampleCountMin:4.0]]
[2020.01.31-22.38.50:408][  0]LogConfig: Setting CVar [[r.SkyAtmosphere.SampleCountMax:32.0]]
[2020.01.31-22.38.50:409][  0]LogConfig: Setting CVar [[r.SkyAtmosphere.TransmittanceLUT.UseSmallFormat:0]]
[2020.01.31-22.38.50:409][  0]LogConfig: Setting CVar [[r.SkyAtmosphere.TransmittanceLUT.SampleCount:10.0]]
[2020.01.31-22.38.50:409][  0]LogConfig: Setting CVar [[r.SkyAtmosphere.MultiScatteringLUT.SampleCount:15.0]]
[2020.01.31-22.38.50:409][  0]LogConfig: Applying CVar settings from Section [FoliageQuality@3] File [I:/ToolsWorkspace/GameJam2020/GridBasedPlacing/Saved/Config/Windows/Scalability.ini]
[2020.01.31-22.38.50:409][  0]LogConfig: Setting CVar [[foliage.DensityScale:1.0]]
[2020.01.31-22.38.50:409][  0]LogConfig: Setting CVar [[grass.DensityScale:1.0]]
[2020.01.31-22.38.50:409][  0]LogConfig: Applying CVar settings from Section [ShadingQuality@3] File [I:/ToolsWorkspace/GameJam2020/GridBasedPlacing/Saved/Config/Windows/Scalability.ini]
[2020.01.31-22.38.50:409][  0]LogConfig: Setting CVar [[r.HairStrands.SkyLighting.SampleCount:16]]
[2020.01.31-22.38.50:409][  0]LogConfig: Setting CVar [[r.HairStrands.SkyLighting.JitterIntegration:0]]
[2020.01.31-22.38.50:409][  0]LogConfig: Setting CVar [[r.HairStrands.SkyAO.SampleCount:16]]
[2020.01.31-22.38.50:409][  0]LogConfig: Applying CVar settings from Section [Startup] File [../../../Engine/Config/ConsoleVariables.ini]
[2020.01.31-22.38.50:409][  0]LogConfig: Setting CVar [[net.UseAdaptiveNetUpdateFrequency:0]]
[2020.01.31-22.38.50:409][  0]LogConfig: Setting CVar [[p.chaos.AllowCreatePhysxBodies:1]]
[2020.01.31-22.38.50:409][  0]LogConfig: Applying CVar settings from Section [ConsoleVariables] File [I:/ToolsWorkspace/GameJam2020/GridBasedPlacing/Saved/Config/Windows/Engine.ini]
[2020.01.31-22.38.50:409][  0]LogInit: Computer: DESKTOP-183BOLV
[2020.01.31-22.38.50:409][  0]LogInit: User: jelle
[2020.01.31-22.38.50:409][  0]LogInit: CPU Page size=4096, Cores=4
[2020.01.31-22.38.50:409][  0]LogInit: High frequency timer resolution =10.000000 MHz
[2020.01.31-22.38.50:409][  0]LogMemory: Memory total: Physical=31.9GB (32GB approx)
[2020.01.31-22.38.50:409][  0]LogMemory: Platform Memory Stats for Windows
[2020.01.31-22.38.50:409][  0]LogMemory: Process Physical Memory: 103.86 MB used, 103.86 MB peak
[2020.01.31-22.38.50:409][  0]LogMemory: Process Virtual Memory: 100.59 MB used, 100.59 MB peak
[2020.01.31-22.38.50:409][  0]LogMemory: Physical Memory: 8249.75 MB used,  24453.93 MB free, 32703.68 MB total
[2020.01.31-22.38.50:409][  0]LogMemory: Virtual Memory: 5151.98 MB used,  134212576.00 MB free, 134217728.00 MB total
[2020.01.31-22.38.50:412][  0]LogWindows: WindowsPlatformFeatures enabled
[2020.01.31-22.38.50:434][  0]LogInit: Using OS detected language (en-US).
[2020.01.31-22.38.50:434][  0]LogInit: Using OS detected locale (en-NL).
[2020.01.31-22.38.50:434][  0]LogTextLocalizationManager: No specific localization for 'en-US' exists, so the 'en' localization will be used.
[2020.01.31-22.38.50:627][  0]LogInit: Setting process to per monitor DPI aware
[2020.01.31-22.38.50:673][  0]LogSlate: New Slate User Created.  User Index 0, Is Virtual User: 0
[2020.01.31-22.38.50:673][  0]LogSlate: Slate User Registered.  User Index 0, Is Virtual User: 0
[2020.01.31-22.38.50:834][  0]LogHMD: Failed to initialize OpenVR with code 110
[2020.01.31-22.38.50:834][  0]LogD3D11RHI: D3D11 min allowed feature level: 11_0
[2020.01.31-22.38.50:834][  0]LogD3D11RHI: D3D11 max allowed feature level: 11_0
[2020.01.31-22.38.50:834][  0]LogD3D11RHI: D3D11 adapters:
[2020.01.31-22.38.50:928][  0]LogD3D11RHI:    0. 'NVIDIA GeForce GTX 1070' (Feature Level 11_0)
[2020.01.31-22.38.50:928][  0]LogD3D11RHI:       8081/0/16351 MB DedicatedVideo/DedicatedSystem/SharedSystem, Outputs:1, VendorId:0x10de
[2020.01.31-22.38.50:931][  0]LogD3D11RHI:    1. 'Microsoft Basic Render Driver' (Feature Level 11_0)
[2020.01.31-22.38.50:931][  0]LogD3D11RHI:       0/0/16351 MB DedicatedVideo/DedicatedSystem/SharedSystem, Outputs:0, VendorId:0x1414
[2020.01.31-22.38.50:931][  0]LogD3D11RHI: Chosen D3D11 Adapter: 0
[2020.01.31-22.38.50:941][  0]LogD3D11RHI: Creating new Direct3DDevice
[2020.01.31-22.38.50:941][  0]LogD3D11RHI:     GPU DeviceId: 0x1be1 (for the marketing name, search the web for "GPU Device Id")
[2020.01.31-22.38.50:941][  0]LogWindows: EnumDisplayDevices:
[2020.01.31-22.38.50:941][  0]LogWindows:    0. 'NVIDIA GeForce GTX 1070' (P:1 D:1)
[2020.01.31-22.38.50:942][  0]LogWindows:    1. 'NVIDIA GeForce GTX 1070' (P:0 D:0)
[2020.01.31-22.38.50:942][  0]LogWindows:    2. 'NVIDIA GeForce GTX 1070' (P:0 D:0)
[2020.01.31-22.38.50:942][  0]LogWindows:    3. 'NVIDIA GeForce GTX 1070' (P:0 D:0)
[2020.01.31-22.38.50:942][  0]LogWindows: DebugString: FoundDriverCount:4 
[2020.01.31-22.38.50:942][  0]LogD3D11RHI:     Adapter Name: NVIDIA GeForce GTX 1070
[2020.01.31-22.38.50:942][  0]LogD3D11RHI:   Driver Version: 440.97 (internal:26.21.14.4097, unified:440.97)
[2020.01.31-22.38.50:942][  0]LogD3D11RHI:      Driver Date: 10-16-2019
[2020.01.31-22.38.50:942][  0]LogRHI: Texture pool is 5656 MB (70% of 8081 MB)
[2020.01.31-22.38.50:990][  0]LogD3D11RHI: RHI has support for 64 bit atomics
[2020.01.31-22.38.50:990][  0]LogD3D11RHI: Async texture creation enabled
[2020.01.31-22.38.51:021][  0]LogD3D11RHI: GPU Timing Frequency: 1000.000000 (Debug: 2 1)
[2020.01.31-22.38.51:374][  0]LogTargetPlatformManager: Display: Loaded TargetPlatform 'AllDesktop'
[2020.01.31-22.38.51:409][  0]LogTargetPlatformManager: Display: Loaded TargetPlatform 'Android'
[2020.01.31-22.38.51:409][  0]LogTargetPlatformManager: Display: Loaded TargetPlatform 'Android_ASTC'
[2020.01.31-22.38.51:409][  0]LogTargetPlatformManager: Display: Loaded TargetPlatform 'Android_ATC'
[2020.01.31-22.38.51:409][  0]LogTargetPlatformManager: Display: Loaded TargetPlatform 'Android_DXT'
[2020.01.31-22.38.51:409][  0]LogTargetPlatformManager: Display: Loaded TargetPlatform 'Android_ETC1'
[2020.01.31-22.38.51:409][  0]LogTargetPlatformManager: Display: Loaded TargetPlatform 'Android_ETC1a'
[2020.01.31-22.38.51:409][  0]LogTargetPlatformManager: Display: Loaded TargetPlatform 'Android_ETC2'
[2020.01.31-22.38.51:409][  0]LogTargetPlatformManager: Display: Loaded TargetPlatform 'Android_PVRTC'
[2020.01.31-22.38.51:409][  0]LogTargetPlatformManager: Display: Loaded TargetPlatform 'AndroidClient'
[2020.01.31-22.38.51:409][  0]LogTargetPlatformManager: Display: Loaded TargetPlatform 'Android_ASTCClient'
[2020.01.31-22.38.51:409][  0]LogTargetPlatformManager: Display: Loaded TargetPlatform 'Android_ATCClient'
[2020.01.31-22.38.51:409][  0]LogTargetPlatformManager: Display: Loaded TargetPlatform 'Android_DXTClient'
[2020.01.31-22.38.51:409][  0]LogTargetPlatformManager: Display: Loaded TargetPlatform 'Android_ETC1Client'
[2020.01.31-22.38.51:409][  0]LogTargetPlatformManager: Display: Loaded TargetPlatform 'Android_ETC1aClient'
[2020.01.31-22.38.51:409][  0]LogTargetPlatformManager: Display: Loaded TargetPlatform 'Android_ETC2Client'
[2020.01.31-22.38.51:409][  0]LogTargetPlatformManager: Display: Loaded TargetPlatform 'Android_PVRTCClient'
[2020.01.31-22.38.51:409][  0]LogTargetPlatformManager: Display: Loaded TargetPlatform 'Android_Multi'
[2020.01.31-22.38.51:409][  0]LogTargetPlatformManager: Display: Loaded TargetPlatform 'Android_MultiClient'
[2020.01.31-22.38.51:429][  0]LogTargetPlatformManager: Display: Loaded TargetPlatform 'IOSClient'
[2020.01.31-22.38.51:429][  0]LogTargetPlatformManager: Display: Loaded TargetPlatform 'IOS'
[2020.01.31-22.38.51:437][  0]LogTargetPlatformManager: Display: Loaded TargetPlatform 'LinuxNoEditor'
[2020.01.31-22.38.51:444][  0]LogTargetPlatformManager: Display: Loaded TargetPlatform 'LinuxClient'
[2020.01.31-22.38.51:453][  0]LogTargetPlatformManager: Display: Loaded TargetPlatform 'LinuxServer'
[2020.01.31-22.38.51:460][  0]LogTargetPlatformManager: Display: Loaded TargetPlatform 'LinuxAArch64NoEditor'
[2020.01.31-22.38.51:469][  0]LogTargetPlatformManager: Display: Loaded TargetPlatform 'LinuxAArch64Client'
[2020.01.31-22.38.51:476][  0]LogTargetPlatformManager: Display: Loaded TargetPlatform 'LinuxAArch64Server'
[2020.01.31-22.38.51:500][  0]LogTargetPlatformManager: Display: Loaded TargetPlatform 'Lumin'
[2020.01.31-22.38.51:500][  0]LogTargetPlatformManager: Display: Loaded TargetPlatform 'LuminClient'
[2020.01.31-22.38.51:518][  0]LogTargetPlatformManager: Display: Loaded TargetPlatform 'TVOSClient'
[2020.01.31-22.38.51:518][  0]LogTargetPlatformManager: Display: Loaded TargetPlatform 'TVOS'
[2020.01.31-22.38.51:528][  0]LogTargetPlatformManager: Display: Loaded TargetPlatform 'WindowsNoEditor'
[2020.01.31-22.38.51:537][  0]LogTargetPlatformManager: Display: Loaded TargetPlatform 'Windows'
[2020.01.31-22.38.51:544][  0]LogTargetPlatformManager: Display: Loaded TargetPlatform 'WindowsClient'
[2020.01.31-22.38.51:550][  0]LogTargetPlatformManager: Display: Loaded TargetPlatform 'WindowsServer'
[2020.01.31-22.38.51:551][  0]LogTargetPlatformManager: Display: Building Assets For Windows
[2020.01.31-22.38.51:554][  0]LogAudioDebug: Display: Lib vorbis DLL was dynamically loaded.
[2020.01.31-22.38.51:578][  0]LogShaderCompilers: Guid format shader working directory is -1 characters bigger than the processId version (I:/ToolsWorkspace/GameJam2020/GridBasedPlacing/Intermediate/Shaders/WorkingDirectory/31444/).
[2020.01.31-22.38.51:578][  0]LogShaderCompilers: Cleaned the shader compiler working directory 'C:/Users/jelle/AppData/Local/Temp/UnrealShaderWorkingDir/D3E608194A1D48797D8264AACA9E99DE/'.
[2020.01.31-22.38.51:579][  0]LogXGEController: Cleaning working directory: C:/Users/jelle/AppData/Local/Temp/UnrealXGEWorkingDir/
[2020.01.31-22.38.51:579][  0]LogXGEController: Cannot use XGE Controller as Incredibuild is not installed on this machine.
[2020.01.31-22.38.51:579][  0]LogShaderCompilers: Cannot use XGE Shader Compiler as Incredibuild is not installed on this machine.
[2020.01.31-22.38.51:579][  0]LogShaderCompilers: Display: Using Local Shader Compiler.
[2020.01.31-22.38.52:385][  0]LogDerivedDataCache: Display: Max Cache Size: 512 MB
[2020.01.31-22.38.52:443][  0]LogDerivedDataCache: Loaded boot cache 0.06s 79MB C:/Users/jelle/AppData/Local/UnrealEngine/4.24/DerivedDataCache/Boot.ddc.
[2020.01.31-22.38.52:443][  0]LogDerivedDataCache: Display: Loaded Boot cache: C:/Users/jelle/AppData/Local/UnrealEngine/4.24/DerivedDataCache/Boot.ddc
[2020.01.31-22.38.52:443][  0]LogDerivedDataCache: FDerivedDataBackendGraph:  Pak pak cache file I:/ToolsWorkspace/GameJam2020/GridBasedPlacing/DerivedDataCache/DDC.ddp not found, will not use a pak cache.
[2020.01.31-22.38.52:443][  0]LogDerivedDataCache: Unable to find inner node Pak for hierarchical cache Hierarchy.
[2020.01.31-22.38.52:443][  0]LogDerivedDataCache: FDerivedDataBackendGraph:  CompressedPak pak cache file I:/ToolsWorkspace/GameJam2020/GridBasedPlacing/DerivedDataCache/Compressed.ddp not found, will not use a pak cache.
[2020.01.31-22.38.52:443][  0]LogDerivedDataCache: Unable to find inner node CompressedPak for hierarchical cache Hierarchy.
[2020.01.31-22.38.52:455][  0]LogDerivedDataCache: Display: Pak cache opened for reading ../../../Engine/DerivedDataCache/Compressed.ddp.
[2020.01.31-22.38.52:455][  0]LogDerivedDataCache: FDerivedDataBackendGraph:  EnterprisePak pak cache file ../../../Enterprise/DerivedDataCache/Compressed.ddp not found, will not use a pak cache.
[2020.01.31-22.38.52:455][  0]LogDerivedDataCache: Unable to find inner node EnterprisePak for hierarchical cache Hierarchy.
[2020.01.31-22.38.52:456][  0]LogDerivedDataCache: Using Local data cache path C:/Users/jelle/AppData/Local/UnrealEngine/Common/DerivedDataCache: Writable
[2020.01.31-22.38.52:456][  0]LogDerivedDataCache: Shared data cache path not found in *engine.ini, will not use an Shared cache.
[2020.01.31-22.38.52:456][  0]LogDerivedDataCache: Unable to find inner node Shared for hierarchical cache Hierarchy.
[2020.01.31-22.38.52:485][  0]LogMaterial: Verifying Global Shaders for PCD3D_SM5
[2020.01.31-22.38.52:488][  0]LogSlate: Using FreeType 2.10.0
[2020.01.31-22.38.52:489][  0]LogSlate: SlateFontServices - WITH_FREETYPE: 1, WITH_HARFBUZZ: 1
[2020.01.31-22.38.52:547][  0]LogAssetRegistry: FAssetRegistry took 0.0024 seconds to start up
[2020.01.31-22.38.52:870][  0]LogInit: Selected Device Profile: [Windows]
[2020.01.31-22.38.53:051][  0]LogMeshReduction: Using QuadricMeshReduction for automatic static mesh reduction
[2020.01.31-22.38.53:051][  0]LogMeshReduction: Using SimplygonMeshReduction for automatic skeletal mesh reduction
[2020.01.31-22.38.53:051][  0]LogMeshReduction: Using ProxyLODMeshReduction for automatic mesh merging
[2020.01.31-22.38.53:051][  0]LogMeshReduction: No distributed automatic mesh merging module available
[2020.01.31-22.38.53:051][  0]LogMeshMerging: No distributed automatic mesh merging module available
[2020.01.31-22.38.53:064][  0]LogNetVersion: GridBasedPlacing 1.0.0, NetCL: 10570792, EngineNetVer: 13, GameNetVer: 0 (Checksum: 742885074)
[2020.01.31-22.38.54:187][  0]LogPackageLocalizationCache: Processed 10 localized package path(s) for 1 prioritized culture(s) in 0.039042 seconds
[2020.01.31-22.38.54:194][  0]LogUObjectArray: 46750 objects as part of root set at end of initial load.
[2020.01.31-22.38.54:194][  0]LogUObjectAllocator: 8137160 out of 0 bytes used by permanent object pool.
[2020.01.31-22.38.54:194][  0]LogUObjectArray: CloseDisregardForGC: 0/0 objects in disregard for GC pool
[2020.01.31-22.38.54:622][  0]LogTcpMessaging: Initializing TcpMessaging bridge
[2020.01.31-22.38.54:625][  0]LogUdpMessaging: Initializing bridge on interface 0.0.0.0:0 to multicast group 230.0.0.1:6666.
[2020.01.31-22.38.54:676][  0]SourceControl: Source control is disabled
[2020.01.31-22.38.54:676][  0]SourceControl: Source control is disabled
[2020.01.31-22.38.54:677][  0]SourceControl: Source control is disabled
[2020.01.31-22.38.54:678][  0]SourceControl: Source control is disabled
[2020.01.31-22.38.54:678][  0]SourceControl: Source control is disabled
[2020.01.31-22.38.54:765][  0]LogAndroidPermission: UAndroidPermissionCallbackProxy::GetInstance
[2020.01.31-22.38.54:775][  0]LogAudioCaptureCore: Display: No Audio Capture implementations found. Audio input will be silent.
[2020.01.31-22.38.54:775][  0]LogAudioCaptureCore: Display: No Audio Capture implementations found. Audio input will be silent.
[2020.01.31-22.38.54:865][  0]LogOcInput: OculusInput pre-init called
[2020.01.31-22.38.54:872][  0]LogWindows: Failed to load 'OVRPlugin.dll' (GetLastError=126)
[2020.01.31-22.38.54:872][  0]LogWindows: File 'OVRPlugin.dll' does not exist
[2020.01.31-22.38.54:949][  0]LogEngine: Initializing Engine...
[2020.01.31-22.38.54:950][  0]LogHMD: Failed to initialize OpenVR with code 110
[2020.01.31-22.38.54:951][  0]LogStats: UGameplayTagsManager::InitializeManager -  0.000 s
[2020.01.31-22.38.55:327][  0]LogInit: Initializing FReadOnlyCVARCache
[2020.01.31-22.38.55:334][  0]LogAIModule: Creating AISystem for world Untitled
[2020.01.31-22.38.55:357][  0]LogAudioMixer: Display: Audio Mixer Platform Settings:
[2020.01.31-22.38.55:357][  0]LogAudioMixer: Display: 	Sample Rate:						  48000
[2020.01.31-22.38.55:357][  0]LogAudioMixer: Display: 	Callback Buffer Frame Size Requested: 1024
[2020.01.31-22.38.55:357][  0]LogAudioMixer: Display: 	Callback Buffer Frame Size To Use:	  1024
[2020.01.31-22.38.55:357][  0]LogAudioMixer: Display: 	Number of buffers to queue:			  2
[2020.01.31-22.38.55:357][  0]LogAudioMixer: Display: 	Max Channels (voices):				  32
[2020.01.31-22.38.55:357][  0]LogAudioMixer: Display: 	Number of Async Source Workers:		  0
[2020.01.31-22.38.55:357][  0]LogAudio: Display: AudioDevice MaxSources: 32
[2020.01.31-22.38.55:357][  0]LogAudio: Display: Using built-in audio occlusion.
[2020.01.31-22.38.55:357][  0]LogAudioMixer: Display: Initializing audio mixer.
[2020.01.31-22.38.55:369][  0]LogAudioMixer: Display: Audio Device Output Speaker Info:
[2020.01.31-22.38.55:369][  0]LogAudioMixer: Display: Name: Speakers (Realtek High Definition Audio)
[2020.01.31-22.38.55:369][  0]LogAudioMixer: Display: Is Default: Yes
[2020.01.31-22.38.55:369][  0]LogAudioMixer: Display: Sample Rate: 48000
[2020.01.31-22.38.55:369][  0]LogAudioMixer: Display: Channel Count Used: 2
[2020.01.31-22.38.55:369][  0]LogAudioMixer: Display: Device Channel Count: 2
[2020.01.31-22.38.55:369][  0]LogAudioMixer: Display: Channel Order:
[2020.01.31-22.38.55:369][  0]LogAudioMixer: Display: 0: FrontLeft
[2020.01.31-22.38.55:369][  0]LogAudioMixer: Display: 1: FrontRight
[2020.01.31-22.38.55:641][  0]LogAudioMixer: Display: Using Audio Device Speakers (Realtek High Definition Audio)
[2020.01.31-22.38.55:647][  0]LogInit: FAudioDevice initialized.
[2020.01.31-22.38.55:647][  0]LogNetVersion: Set ProjectVersion to 1.0.0.0. Version Checksum will be recalculated on next use.
[2020.01.31-22.38.55:713][  0]LogDerivedDataCache: Saved boot cache 0.07s 79MB C:/Users/jelle/AppData/Local/UnrealEngine/4.24/DerivedDataCache/Boot.ddc.
[2020.01.31-22.38.55:717][  0]LogInit: Texture streaming: Enabled
[2020.01.31-22.38.55:728][  0]LogEngineSessionManager: EngineSessionManager initialized
[2020.01.31-22.38.55:728][  0]LogEditorSessionSummary: Verbose: Initializing EditorSessionSummaryWriter for editor session tracking
[2020.01.31-22.38.55:731][  0]LogEditorSessionSummary: EditorSessionSummaryWriter initialized
[2020.01.31-22.38.55:782][  0]LogInit: Transaction tracking system initialized
[2020.01.31-22.38.55:792][  0]BlueprintLog: New page: Editor Load
[2020.01.31-22.38.55:821][  0]LocalizationService: Localization service is disabled
[2020.01.31-22.38.56:138][  0]LogFileCache: Scanning file cache for directory 'I:/ToolsWorkspace/GameJam2020/GridBasedPlacing/Content/' took 0.00s
[2020.01.31-22.38.56:138][  0]LogCook: Display: Max memory allowance for cook 16384mb min free memory 0mb
[2020.01.31-22.38.56:138][  0]LogCook: Display: Mobile HDR setting 1
[2020.01.31-22.38.56:833][  0]SourceControl: Source control is disabled
[2020.01.31-22.38.56:833][  0]Cmd: MAP LOAD FILE="../../../Engine/Content/Maps/Templates/Template_Default.umap" TEMPLATE=1 SHOWPROGRESS=1 FEATURELEVEL=3
[2020.01.31-22.38.56:833][  0]LightingResults: New page: Lighting Build
[2020.01.31-22.38.56:834][  0]LogWorld: UWorld::CleanupWorld for Untitled, bSessionEnded=true, bCleanupResources=true
[2020.01.31-22.38.56:834][  0]LogSlate: InvalidateAllWidgets triggered.  All widgets were invalidated
[2020.01.31-22.38.56:834][  0]MapCheck: New page: Map Check
[2020.01.31-22.38.56:834][  0]LightingResults: New page: Lighting Build
[2020.01.31-22.38.56:864][  0]LogUObjectHash: Compacting FUObjectHashTables data took   2.08ms
[2020.01.31-22.38.56:953][  0]LogAIModule: Creating AISystem for world Untitled_1
[2020.01.31-22.38.56:957][  0]LogEditorServer: Finished looking for orphan Actors (0.000 secs)
[2020.01.31-22.38.56:987][  0]LogUObjectHash: Compacting FUObjectHashTables data took   1.91ms
[2020.01.31-22.38.56:987][  0]Cmd: MAP CHECKDEP NOCLEARLOG
[2020.01.31-22.38.56:987][  0]MapCheck: Map check complete: 0 Error(s), 0 Warning(s), took 0,105ms to complete.
[2020.01.31-22.38.56:987][  0]LogFileHelpers: Loading map 'Template_Default' took 0.154
[2020.01.31-22.38.57:126][  0]LogSlate: Updating window title bar state: overlay mode, drag disabled, window buttons hidden, title bar hidden
[2020.01.31-22.38.57:135][  0]LogSlate: Updating window title bar state: overlay mode, drag disabled, window buttons hidden, title bar hidden
[2020.01.31-22.38.57:143][  0]LogSlate: Updating window title bar state: overlay mode, drag disabled, window buttons hidden, title bar hidden
[2020.01.31-22.38.57:150][  0]LogSlate: Updating window title bar state: overlay mode, drag disabled, window buttons hidden, title bar hidden
[2020.01.31-22.38.57:156][  0]LogCollectionManager: Loaded 0 collections in 0.002039 seconds
[2020.01.31-22.38.57:171][  0]LogFileCache: Scanning file cache for directory 'I:/ToolsWorkspace/GameJam2020/GridBasedPlacing/Saved/Collections/' took 0.00s
[2020.01.31-22.38.57:171][  0]LogFileCache: Scanning file cache for directory 'I:/ToolsWorkspace/GameJam2020/GridBasedPlacing/Content/Developers/jelle/Collections/' took 0.00s
[2020.01.31-22.38.57:171][  0]LogFileCache: Scanning file cache for directory 'I:/ToolsWorkspace/GameJam2020/GridBasedPlacing/Content/Collections/' took 0.00s
[2020.01.31-22.38.57:171][  0]LogContentBrowser: Native class hierarchy populated in 0.0093 seconds. Added 3015 classes and 717 folders.
[2020.01.31-22.38.57:175][  0]LogContentBrowser: Native class hierarchy updated for 'WidgetCarousel' in 0.0002 seconds. Added 0 classes and 0 folders.
[2020.01.31-22.38.57:227][  0]LogContentBrowser: Native class hierarchy updated for 'AddContentDialog' in 0.0003 seconds. Added 0 classes and 0 folders.
[2020.01.31-22.38.57:231][  0]LogContentBrowser: Native class hierarchy updated for 'SceneOutliner' in 0.0002 seconds. Added 2 classes and 3 folders.
[2020.01.31-22.38.57:255][  0]LogSlate: Took 0.000246 seconds to synchronously load lazily loaded font '../../../Engine/Content/Slate/Fonts/Roboto-Regular.ttf' (155K)
[2020.01.31-22.38.57:258][  0]LogSlate: Took 0.000191 seconds to synchronously load lazily loaded font '../../../Engine/Content/Slate/Fonts/Roboto-Bold.ttf' (160K)
[2020.01.31-22.38.57:266][  0]LogSlate: Took 0.000235 seconds to synchronously load lazily loaded font '../../../Engine/Content/Editor/Slate/Fonts/FontAwesome.ttf' (139K)
[2020.01.31-22.38.57:349][  0]LogRenderer: Reallocating scene render targets to support 1064x572 Format 10 NumSamples 1 (Frame:1).
[2020.01.31-22.38.57:496][  0]LogSlate: Window 'Tutorials' being destroyed
[2020.01.31-22.38.57:508][  0]LogContentBrowser: Native class hierarchy updated for 'HierarchicalLODOutliner' in 0.0002 seconds. Added 0 classes and 0 folders.
[2020.01.31-22.38.57:508][  0]LogLoad: (Engine Initialization) Total time: 8.63 seconds
[2020.01.31-22.38.57:508][  0]LogLoad: (Engine Initialization) Total Blueprint compile time: 0.00 seconds
[2020.01.31-22.38.57:561][  0]LogAssetRegistry: Asset discovery search completed in 5.0142 seconds
[2020.01.31-22.38.57:564][  0]LogCollectionManager: Fixed up redirectors for 0 collections in 0.000011 seconds (updated 0 objects)
[2020.01.31-22.38.57:566][  0]LogContentStreaming: Texture pool size now 1000 MB
[2020.01.31-22.38.57:597][  0]LogSlate: Took 0.000164 seconds to synchronously load lazily loaded font '../../../Engine/Content/Slate/Fonts/Roboto-Light.ttf' (167K)
[2020.01.31-22.39.04:440][406]LogSlate: Took 0.000175 seconds to synchronously load lazily loaded font '../../../Engine/Content/Slate/Fonts/Roboto-Light.ttf' (167K)
[2020.01.31-22.39.04:522][406]LogAIModule: Creating AISystem for world TestMap
[2020.01.31-22.39.04:728][406]LogAssetEditorSubsystem: Opening Asset editor for World /Game/Maps/TestMap.TestMap
[2020.01.31-22.39.04:761][406]LogUObjectHash: Compacting FUObjectHashTables data took   2.87ms
[2020.01.31-22.39.04:763][406]Cmd: MAP LOAD FILE="I:/ToolsWorkspace/GameJam2020/GridBasedPlacing/Content/Maps/TestMap.umap" TEMPLATE=0 SHOWPROGRESS=1 FEATURELEVEL=3
[2020.01.31-22.39.04:763][406]LightingResults: New page: Lighting Build
[2020.01.31-22.39.04:764][406]LoadErrors: New page: Loading map: TestMap.umap
[2020.01.31-22.39.04:764][406]LogWorld: UWorld::CleanupWorld for Untitled_1, bSessionEnded=true, bCleanupResources=true
[2020.01.31-22.39.04:764][406]LogSlate: InvalidateAllWidgets triggered.  All widgets were invalidated
[2020.01.31-22.39.04:764][406]MapCheck: New page: Map Check
[2020.01.31-22.39.04:764][406]LightingResults: New page: Lighting Build
[2020.01.31-22.39.04:796][406]LogUObjectHash: Compacting FUObjectHashTables data took   1.89ms
[2020.01.31-22.39.04:800][406]LogEditorServer: Finished looking for orphan Actors (0.000 secs)
[2020.01.31-22.39.04:828][406]LogUObjectHash: Compacting FUObjectHashTables data took   1.73ms
[2020.01.31-22.39.04:856][406]Cmd: MAP CHECKDEP NOCLEARLOG
[2020.01.31-22.39.04:856][406]MapCheck: Map check complete: 0 Error(s), 0 Warning(s), took 0,075ms to complete.
[2020.01.31-22.39.04:856][406]LogFileHelpers: Loading map 'TestMap' took 0.095
[2020.01.31-22.39.21:277][386]LogTemp: Repeating last play command: Simulate
[2020.01.31-22.39.21:288][386]LogPlayLevel: PlayLevel: No blueprints needed recompiling
[2020.01.31-22.39.21:289][386]PIE: New page: SIE session: TestMap (1 Feb 2020, 00:39:21)
[2020.01.31-22.39.21:290][386]LogOnline: OSS: Creating online subsystem instance for: NULL
[2020.01.31-22.39.21:291][386]LogOnline: OSS: TryLoadSubsystemAndSetDefault: Loaded subsystem for module [NULL]
[2020.01.31-22.39.21:291][386]LogPlayLevel: Creating play world package: /Game/Maps/UEDPIE_0_TestMap
[2020.01.31-22.39.21:295][386]LogPlayLevel: PIE: StaticDuplicateObject took: (0.003429s)
[2020.01.31-22.39.21:296][386]LogAIModule: Creating AISystem for world TestMap
[2020.01.31-22.39.21:297][386]LogPlayLevel: PIE: World Init took: (0.001654s)
[2020.01.31-22.39.21:297][386]LogPlayLevel: PIE: Created PIE world by copying editor world from /Game/Maps/TestMap.TestMap to /Game/Maps/UEDPIE_0_TestMap.TestMap (0.005301s)
[2020.01.31-22.39.21:325][386]LogUObjectHash: Compacting FUObjectHashTables data took   1.48ms
[2020.01.31-22.39.21:326][386]LogAudioMixer: Display: Audio Mixer Platform Settings:
[2020.01.31-22.39.21:326][386]LogAudioMixer: Display: 	Sample Rate:						  48000
[2020.01.31-22.39.21:326][386]LogAudioMixer: Display: 	Callback Buffer Frame Size Requested: 1024
[2020.01.31-22.39.21:326][386]LogAudioMixer: Display: 	Callback Buffer Frame Size To Use:	  1024
[2020.01.31-22.39.21:326][386]LogAudioMixer: Display: 	Number of buffers to queue:			  2
[2020.01.31-22.39.21:326][386]LogAudioMixer: Display: 	Max Channels (voices):				  32
[2020.01.31-22.39.21:326][386]LogAudioMixer: Display: 	Number of Async Source Workers:		  0
[2020.01.31-22.39.21:326][386]LogAudio: Display: AudioDevice MaxSources: 32
[2020.01.31-22.39.21:327][386]LogAudio: Display: Using built-in audio occlusion.
[2020.01.31-22.39.21:327][386]LogAudioMixer: Display: Initializing audio mixer.
[2020.01.31-22.39.21:333][386]LogAudioMixer: Display: Audio Device Output Speaker Info:
[2020.01.31-22.39.21:333][386]LogAudioMixer: Display: Name: Speakers (Realtek High Definition Audio)
[2020.01.31-22.39.21:333][386]LogAudioMixer: Display: Is Default: Yes
[2020.01.31-22.39.21:333][386]LogAudioMixer: Display: Sample Rate: 48000
[2020.01.31-22.39.21:333][386]LogAudioMixer: Display: Channel Count Used: 2
[2020.01.31-22.39.21:333][386]LogAudioMixer: Display: Device Channel Count: 2
[2020.01.31-22.39.21:333][386]LogAudioMixer: Display: Channel Order:
[2020.01.31-22.39.21:333][386]LogAudioMixer: Display: 0: FrontLeft
[2020.01.31-22.39.21:333][386]LogAudioMixer: Display: 1: FrontRight
[2020.01.31-22.39.21:391][386]LogAudioMixer: Display: Using Audio Device Speakers (Realtek High Definition Audio)
[2020.01.31-22.39.21:393][386]LogInit: FAudioDevice initialized.
[2020.01.31-22.39.21:405][386]LogLoad: Game class is 'GameModeBase'
[2020.01.31-22.39.21:407][386]LogWorld: Bringing World /Game/Maps/UEDPIE_0_TestMap.TestMap up for play (max tick rate 60) at 2020.01.31-23.39.21
[2020.01.31-22.39.21:407][386]LogWorld: Bringing up level for play took: 0.000912
[2020.01.31-22.39.21:407][386]LogOnline: OSS: Creating online subsystem instance for: :Context_1
[2020.01.31-22.39.21:410][386]LogContentBrowser: Native class hierarchy updated for 'MovieSceneCapture' in 0.0003 seconds. Added 20 classes and 0 folders.
[2020.01.31-22.39.21:411][386]PIE: Play in editor start time for /Game/Maps/UEDPIE_0_TestMap 0,463
[2020.01.31-22.39.29:168][849]LogAudioMixer: Display: No commands were queued while flushing the source manager.
[2020.01.31-22.39.29:168][849]LogAudioMixer: Display: No commands were queued while flushing the source manager.
[2020.01.31-22.39.29:169][849]LogSlate: Updating window title bar state: overlay mode, drag disabled, window buttons hidden, title bar hidden
[2020.01.31-22.39.29:169][849]LogWorld: BeginTearingDown for /Game/Maps/UEDPIE_0_TestMap
[2020.01.31-22.39.29:170][849]LogAudioMixer: Display: No commands were queued while flushing the source manager.
[2020.01.31-22.39.29:170][849]LogWorld: UWorld::CleanupWorld for TestMap, bSessionEnded=true, bCleanupResources=true
[2020.01.31-22.39.29:170][849]LogSlate: InvalidateAllWidgets triggered.  All widgets were invalidated
[2020.01.31-22.39.29:182][849]LogPlayLevel: Display: Shutting down PIE online subsystems
[2020.01.31-22.39.29:185][849]LogSlate: InvalidateAllWidgets triggered.  All widgets were invalidated
[2020.01.31-22.39.29:215][849]LogAudioMixer: Display: No commands were queued while flushing the source manager.
[2020.01.31-22.39.29:221][849]LogSlate: Updating window title bar state: overlay mode, drag disabled, window buttons hidden, title bar hidden
[2020.01.31-22.39.29:224][849]LogUObjectHash: Compacting FUObjectHashTables data took   1.79ms
[2020.01.31-22.39.29:272][852]LogPlayLevel: Display: Destroying online subsystem :Context_1
[2020.01.31-22.39.29:806][884]LogTemp: Repeating last play command: Simulate
[2020.01.31-22.39.29:818][884]LogPlayLevel: PlayLevel: No blueprints needed recompiling
[2020.01.31-22.39.29:818][884]PIE: New page: SIE session: TestMap (1 Feb 2020, 00:39:29)
[2020.01.31-22.39.29:818][884]LogPlayLevel: Creating play world package: /Game/Maps/UEDPIE_0_TestMap
[2020.01.31-22.39.29:822][884]LogPlayLevel: PIE: StaticDuplicateObject took: (0.003882s)
[2020.01.31-22.39.29:824][884]LogAIModule: Creating AISystem for world TestMap
[2020.01.31-22.39.29:824][884]LogPlayLevel: PIE: World Init took: (0.001762s)
[2020.01.31-22.39.29:824][884]LogPlayLevel: PIE: Created PIE world by copying editor world from /Game/Maps/TestMap.TestMap to /Game/Maps/UEDPIE_0_TestMap.TestMap (0.005810s)
[2020.01.31-22.39.29:855][884]LogUObjectHash: Compacting FUObjectHashTables data took   2.23ms
[2020.01.31-22.39.29:856][884]LogAudioMixer: Display: Audio Mixer Platform Settings:
[2020.01.31-22.39.29:856][884]LogAudioMixer: Display: 	Sample Rate:						  48000
[2020.01.31-22.39.29:856][884]LogAudioMixer: Display: 	Callback Buffer Frame Size Requested: 1024
[2020.01.31-22.39.29:856][884]LogAudioMixer: Display: 	Callback Buffer Frame Size To Use:	  1024
[2020.01.31-22.39.29:856][884]LogAudioMixer: Display: 	Number of buffers to queue:			  2
[2020.01.31-22.39.29:856][884]LogAudioMixer: Display: 	Max Channels (voices):				  32
[2020.01.31-22.39.29:856][884]LogAudioMixer: Display: 	Number of Async Source Workers:		  0
[2020.01.31-22.39.29:856][884]LogAudio: Display: AudioDevice MaxSources: 32
[2020.01.31-22.39.29:856][884]LogAudio: Display: Using built-in audio occlusion.
[2020.01.31-22.39.29:856][884]LogAudioMixer: Display: Initializing audio mixer.
[2020.01.31-22.39.29:862][884]LogAudioMixer: Display: Audio Device Output Speaker Info:
[2020.01.31-22.39.29:862][884]LogAudioMixer: Display: Name: Speakers (Realtek High Definition Audio)
[2020.01.31-22.39.29:862][884]LogAudioMixer: Display: Is Default: Yes
[2020.01.31-22.39.29:862][884]LogAudioMixer: Display: Sample Rate: 48000
[2020.01.31-22.39.29:862][884]LogAudioMixer: Display: Channel Count Used: 2
[2020.01.31-22.39.29:862][884]LogAudioMixer: Display: Device Channel Count: 2
[2020.01.31-22.39.29:862][884]LogAudioMixer: Display: Channel Order:
[2020.01.31-22.39.29:862][884]LogAudioMixer: Display: 0: FrontLeft
[2020.01.31-22.39.29:862][884]LogAudioMixer: Display: 1: FrontRight
[2020.01.31-22.39.29:919][884]LogAudioMixer: Display: Using Audio Device Speakers (Realtek High Definition Audio)
[2020.01.31-22.39.29:921][884]LogInit: FAudioDevice initialized.
[2020.01.31-22.39.29:933][884]LogLoad: Game class is 'GameModeBase'
[2020.01.31-22.39.29:935][884]LogWorld: Bringing World /Game/Maps/UEDPIE_0_TestMap.TestMap up for play (max tick rate 60) at 2020.01.31-23.39.29
[2020.01.31-22.39.29:935][884]LogWorld: Bringing up level for play took: 0.000906
[2020.01.31-22.39.29:935][884]LogOnline: OSS: Creating online subsystem instance for: :Context_2
[2020.01.31-22.39.29:937][884]PIE: Play in editor start time for /Game/Maps/UEDPIE_0_TestMap 0,989
[2020.01.31-22.39.35:684][226]LogAudioMixer: Display: No commands were queued while flushing the source manager.
[2020.01.31-22.39.35:684][226]LogAudioMixer: Display: No commands were queued while flushing the source manager.
[2020.01.31-22.39.35:685][226]LogSlate: Updating window title bar state: overlay mode, drag disabled, window buttons hidden, title bar hidden
[2020.01.31-22.39.35:685][226]LogWorld: BeginTearingDown for /Game/Maps/UEDPIE_0_TestMap
[2020.01.31-22.39.35:686][226]LogAudioMixer: Display: No commands were queued while flushing the source manager.
[2020.01.31-22.39.35:686][226]LogWorld: UWorld::CleanupWorld for TestMap, bSessionEnded=true, bCleanupResources=true
[2020.01.31-22.39.35:686][226]LogSlate: InvalidateAllWidgets triggered.  All widgets were invalidated
[2020.01.31-22.39.35:692][226]LogPlayLevel: Display: Shutting down PIE online subsystems
[2020.01.31-22.39.35:695][226]LogSlate: InvalidateAllWidgets triggered.  All widgets were invalidated
[2020.01.31-22.39.35:724][226]LogAudioMixer: Display: No commands were queued while flushing the source manager.
[2020.01.31-22.39.35:729][226]LogSlate: Updating window title bar state: overlay mode, drag disabled, window buttons hidden, title bar hidden
[2020.01.31-22.39.35:732][226]LogUObjectHash: Compacting FUObjectHashTables data took   1.54ms
[2020.01.31-22.39.35:794][230]LogPlayLevel: Display: Destroying online subsystem :Context_2
[2020.01.31-22.39.36:188][252]LogUObjectHash: Compacting FUObjectHashTables data took   0.71ms
[2020.01.31-22.39.36:191][252]LogPlayLevel: Launcher Device ID: WindowsNoEditor@DESKTOP-183BOLV
[2020.01.31-22.39.36:196][252]LogPlayLevel: PlayLevel: No blueprints needed recompiling
[2020.01.31-22.39.36:197][252]LogCook: Display: Creating asset registry
[2020.01.31-22.39.36:686][252]LogCook: Display: Discovering localized assets
[2020.01.31-22.39.36:689][252]LogCook: Display: Cooked content cleared for platform AllDesktop
[2020.01.31-22.39.36:689][252]LogCook: Display: Unable to read previous cook inisettings for platform AllDesktop invalidating cook
[2020.01.31-22.39.36:735][252]LogCook: Display: Cooked content cleared for platform Android
[2020.01.31-22.39.36:736][252]LogCook: Display: Unable to read previous cook inisettings for platform Android invalidating cook
[2020.01.31-22.39.36:775][252]LogCook: Display: Cooked content cleared for platform Android_ASTC
[2020.01.31-22.39.36:775][252]LogCook: Display: Unable to read previous cook inisettings for platform Android_ASTC invalidating cook
[2020.01.31-22.39.36:818][252]LogCook: Display: Cooked content cleared for platform Android_ATC
[2020.01.31-22.39.36:818][252]LogCook: Display: Unable to read previous cook inisettings for platform Android_ATC invalidating cook
[2020.01.31-22.39.36:862][252]LogCook: Display: Cooked content cleared for platform Android_DXT
[2020.01.31-22.39.36:863][252]LogCook: Display: Unable to read previous cook inisettings for platform Android_DXT invalidating cook
[2020.01.31-22.39.36:906][252]LogCook: Display: Cooked content cleared for platform Android_ETC1
[2020.01.31-22.39.36:906][252]LogCook: Display: Unable to read previous cook inisettings for platform Android_ETC1 invalidating cook
[2020.01.31-22.39.36:951][252]LogCook: Display: Cooked content cleared for platform Android_ETC1a
[2020.01.31-22.39.36:951][252]LogCook: Display: Unable to read previous cook inisettings for platform Android_ETC1a invalidating cook
[2020.01.31-22.39.36:995][252]LogCook: Display: Cooked content cleared for platform Android_ETC2
[2020.01.31-22.39.36:995][252]LogCook: Display: Unable to read previous cook inisettings for platform Android_ETC2 invalidating cook
[2020.01.31-22.39.37:038][252]LogCook: Display: Cooked content cleared for platform Android_PVRTC
[2020.01.31-22.39.37:038][252]LogCook: Display: Unable to read previous cook inisettings for platform Android_PVRTC invalidating cook
[2020.01.31-22.39.37:082][252]LogCook: Display: Cooked content cleared for platform AndroidClient
[2020.01.31-22.39.37:082][252]LogCook: Display: Unable to read previous cook inisettings for platform AndroidClient invalidating cook
[2020.01.31-22.39.37:128][252]LogCook: Display: Cooked content cleared for platform Android_ASTCClient
[2020.01.31-22.39.37:128][252]LogCook: Display: Unable to read previous cook inisettings for platform Android_ASTCClient invalidating cook
[2020.01.31-22.39.37:172][252]LogCook: Display: Cooked content cleared for platform Android_ATCClient
[2020.01.31-22.39.37:173][252]LogCook: Display: Unable to read previous cook inisettings for platform Android_ATCClient invalidating cook
[2020.01.31-22.39.37:219][252]LogCook: Display: Cooked content cleared for platform Android_DXTClient
[2020.01.31-22.39.37:219][252]LogCook: Display: Unable to read previous cook inisettings for platform Android_DXTClient invalidating cook
[2020.01.31-22.39.37:263][252]LogCook: Display: Cooked content cleared for platform Android_ETC1Client
[2020.01.31-22.39.37:264][252]LogCook: Display: Unable to read previous cook inisettings for platform Android_ETC1Client invalidating cook
[2020.01.31-22.39.37:308][252]LogCook: Display: Cooked content cleared for platform Android_ETC1aClient
[2020.01.31-22.39.37:309][252]LogCook: Display: Unable to read previous cook inisettings for platform Android_ETC1aClient invalidating cook
[2020.01.31-22.39.37:353][252]LogCook: Display: Cooked content cleared for platform Android_ETC2Client
[2020.01.31-22.39.37:353][252]LogCook: Display: Unable to read previous cook inisettings for platform Android_ETC2Client invalidating cook
[2020.01.31-22.39.37:395][252]LogCook: Display: Cooked content cleared for platform Android_PVRTCClient
[2020.01.31-22.39.37:395][252]LogCook: Display: Unable to read previous cook inisettings for platform Android_PVRTCClient invalidating cook
[2020.01.31-22.39.37:438][252]LogCook: Display: Cooked content cleared for platform Android_Multi
[2020.01.31-22.39.37:438][252]LogCook: Display: Unable to read previous cook inisettings for platform Android_Multi invalidating cook
[2020.01.31-22.39.37:482][252]LogCook: Display: Cooked content cleared for platform Android_MultiClient
[2020.01.31-22.39.37:482][252]LogCook: Display: Unable to read previous cook inisettings for platform Android_MultiClient invalidating cook
[2020.01.31-22.39.37:527][252]LogCook: Display: Cooked content cleared for platform IOSClient
[2020.01.31-22.39.37:527][252]LogCook: Display: Unable to read previous cook inisettings for platform IOSClient invalidating cook
[2020.01.31-22.39.37:597][252]LogCook: Display: Cooked content cleared for platform IOS
[2020.01.31-22.39.37:597][252]LogCook: Display: Unable to read previous cook inisettings for platform IOS invalidating cook
[2020.01.31-22.39.37:636][252]LogCook: Display: Cooked content cleared for platform LinuxNoEditor
[2020.01.31-22.39.37:636][252]LogCook: Display: Unable to read previous cook inisettings for platform LinuxNoEditor invalidating cook
[2020.01.31-22.39.37:680][252]LogCook: Display: Cooked content cleared for platform LinuxClient
[2020.01.31-22.39.37:680][252]LogCook: Display: Unable to read previous cook inisettings for platform LinuxClient invalidating cook
[2020.01.31-22.39.37:724][252]LogCook: Display: Cooked content cleared for platform LinuxServer
[2020.01.31-22.39.37:724][252]LogCook: Display: Unable to read previous cook inisettings for platform LinuxServer invalidating cook
[2020.01.31-22.39.37:770][252]LogCook: Display: Cooked content cleared for platform LinuxAArch64NoEditor
[2020.01.31-22.39.37:770][252]LogCook: Display: Unable to read previous cook inisettings for platform LinuxAArch64NoEditor invalidating cook
[2020.01.31-22.39.37:812][252]LogCook: Display: Cooked content cleared for platform LinuxAArch64Client
[2020.01.31-22.39.37:813][252]LogCook: Display: Unable to read previous cook inisettings for platform LinuxAArch64Client invalidating cook
[2020.01.31-22.39.37:857][252]LogCook: Display: Cooked content cleared for platform LinuxAArch64Server
[2020.01.31-22.39.37:857][252]LogCook: Display: Unable to read previous cook inisettings for platform LinuxAArch64Server invalidating cook
[2020.01.31-22.39.37:901][252]LogCook: Display: Cooked content cleared for platform Lumin
[2020.01.31-22.39.37:901][252]LogCook: Display: Unable to read previous cook inisettings for platform Lumin invalidating cook
[2020.01.31-22.39.37:941][252]LogCook: Display: Cooked content cleared for platform LuminClient
[2020.01.31-22.39.37:941][252]LogCook: Display: Unable to read previous cook inisettings for platform LuminClient invalidating cook
[2020.01.31-22.39.37:987][252]LogCook: Display: Cooked content cleared for platform TVOSClient
[2020.01.31-22.39.37:987][252]LogCook: Display: Unable to read previous cook inisettings for platform TVOSClient invalidating cook
[2020.01.31-22.39.38:025][252]LogCook: Display: Cooked content cleared for platform TVOS
[2020.01.31-22.39.38:025][252]LogCook: Display: Unable to read previous cook inisettings for platform TVOS invalidating cook
[2020.01.31-22.39.38:102][252]LogCook: Display: Cooked content cleared for platform WindowsNoEditor
[2020.01.31-22.39.38:102][252]LogCook: Display: Unable to read previous cook inisettings for platform WindowsNoEditor invalidating cook
[2020.01.31-22.39.38:140][252]LogCook: Display: Cooked content cleared for platform Windows
[2020.01.31-22.39.38:140][252]LogCook: Display: Unable to read previous cook inisettings for platform Windows invalidating cook
[2020.01.31-22.39.38:179][252]LogCook: Display: Cooked content cleared for platform WindowsClient
[2020.01.31-22.39.38:179][252]LogCook: Display: Unable to read previous cook inisettings for platform WindowsClient invalidating cook
[2020.01.31-22.39.38:221][252]LogCook: Display: Cooked content cleared for platform WindowsServer
[2020.01.31-22.39.38:222][252]LogCook: Display: Unable to read previous cook inisettings for platform WindowsServer invalidating cook
[2020.01.31-22.39.38:261][252]LogCook: Display: Sandbox cleanup took 1.572 seconds for platforms AllDesktop Android Android_ASTC Android_ATC Android_DXT Android_ETC1 Android_ETC1a Android_ETC2 Android_PVRTC AndroidClient Android_ASTCClient Android_ATCClient Android_DXTClient Android_ETC1Client Android_ETC1aClient Android_ETC2Client Android_PVRTCClient Android_Multi Android_MultiClient IOSClient IOS LinuxNoEditor LinuxClient LinuxServer LinuxAArch64NoEditor LinuxAArch64Client LinuxAArch64Server Lumin LuminClient TVOSClient TVOS WindowsNoEditor Windows WindowsClient WindowsServer  iterative false
[2020.01.31-22.39.39:209][253]LogCook: Display: Cooked packages 0 Packages Remain 363 Total 363
[2020.01.31-22.39.40:884][267]LogContentBrowser: Native class hierarchy updated for 'BlueprintNativeCodeGen' in 0.0003 seconds. Added 0 classes and 0 folders.
[2020.01.31-22.39.40:940][268]LogCook: Display: Cooked packages 3 Packages Remain 362 Total 365
[2020.01.31-22.39.41:047][269]LogCook: Display: Cooked packages 19 Packages Remain 361 Total 380
[2020.01.31-22.39.41:163][270]LogCook: Display: Cooked packages 21 Packages Remain 360 Total 381
[2020.01.31-22.39.41:268][271]LogCook: Display: Cooked packages 71 Packages Remain 359 Total 430
[2020.01.31-22.39.41:390][272]LogCook: Display: Cooked packages 85 Packages Remain 358 Total 443
[2020.01.31-22.39.41:499][272]LogPlayLevel: Completed Launch On Stage: Cooking in the editor, Time: 1.308055
[2020.01.31-22.39.41:517][273]LogCook: Display: Cooked packages 98 Packages Remain 357 Total 455
[2020.01.31-22.39.42:750][346]LogTemp: Repeating last play command: Simulate
[2020.01.31-22.39.42:761][346]LogPlayLevel: PlayLevel: No blueprints needed recompiling
[2020.01.31-22.39.42:761][346]PIE: New page: SIE session: TestMap (1 Feb 2020, 00:39:42)
[2020.01.31-22.39.42:761][346]LogPlayLevel: Creating play world package: /Game/Maps/UEDPIE_0_TestMap
[2020.01.31-22.39.42:764][346]LogPlayLevel: PIE: StaticDuplicateObject took: (0.002694s)
[2020.01.31-22.39.42:765][346]LogAIModule: Creating AISystem for world TestMap
[2020.01.31-22.39.42:766][346]LogPlayLevel: PIE: World Init took: (0.001704s)
[2020.01.31-22.39.42:766][346]LogPlayLevel: PIE: Created PIE world by copying editor world from /Game/Maps/TestMap.TestMap to /Game/Maps/UEDPIE_0_TestMap.TestMap (0.004564s)
[2020.01.31-22.39.42:794][346]LogUObjectHash: Compacting FUObjectHashTables data took   1.34ms
[2020.01.31-22.39.42:795][346]LogAudioMixer: Display: Audio Mixer Platform Settings:
[2020.01.31-22.39.42:795][346]LogAudioMixer: Display: 	Sample Rate:						  48000
[2020.01.31-22.39.42:795][346]LogAudioMixer: Display: 	Callback Buffer Frame Size Requested: 1024
[2020.01.31-22.39.42:795][346]LogAudioMixer: Display: 	Callback Buffer Frame Size To Use:	  1024
[2020.01.31-22.39.42:795][346]LogAudioMixer: Display: 	Number of buffers to queue:			  2
[2020.01.31-22.39.42:795][346]LogAudioMixer: Display: 	Max Channels (voices):				  32
[2020.01.31-22.39.42:795][346]LogAudioMixer: Display: 	Number of Async Source Workers:		  0
[2020.01.31-22.39.42:795][346]LogAudio: Display: AudioDevice MaxSources: 32
[2020.01.31-22.39.42:796][346]LogAudio: Display: Using built-in audio occlusion.
[2020.01.31-22.39.42:796][346]LogAudioMixer: Display: Initializing audio mixer.
[2020.01.31-22.39.42:801][346]LogAudioMixer: Display: Audio Device Output Speaker Info:
[2020.01.31-22.39.42:801][346]LogAudioMixer: Display: Name: Speakers (Realtek High Definition Audio)
[2020.01.31-22.39.42:801][346]LogAudioMixer: Display: Is Default: Yes
[2020.01.31-22.39.42:801][346]LogAudioMixer: Display: Sample Rate: 48000
[2020.01.31-22.39.42:801][346]LogAudioMixer: Display: Channel Count Used: 2
[2020.01.31-22.39.42:801][346]LogAudioMixer: Display: Device Channel Count: 2
[2020.01.31-22.39.42:801][346]LogAudioMixer: Display: Channel Order:
[2020.01.31-22.39.42:801][346]LogAudioMixer: Display: 0: FrontLeft
[2020.01.31-22.39.42:801][346]LogAudioMixer: Display: 1: FrontRight
[2020.01.31-22.39.42:857][346]LogAudioMixer: Display: Using Audio Device Speakers (Realtek High Definition Audio)
[2020.01.31-22.39.42:859][346]LogInit: FAudioDevice initialized.
[2020.01.31-22.39.42:865][346]LogLoad: Game class is 'GameModeBase'
[2020.01.31-22.39.42:866][346]LogWorld: Bringing World /Game/Maps/UEDPIE_0_TestMap.TestMap up for play (max tick rate 60) at 2020.01.31-23.39.42
[2020.01.31-22.39.42:866][346]LogWorld: Bringing up level for play took: 0.000888
[2020.01.31-22.39.42:866][346]LogOnline: OSS: Creating online subsystem instance for: :Context_3
[2020.01.31-22.39.42:868][346]PIE: Play in editor start time for /Game/Maps/UEDPIE_0_TestMap -0,08
[2020.01.31-22.39.59:021][315]LogAudioMixer: Display: No commands were queued while flushing the source manager.
[2020.01.31-22.39.59:022][315]LogAudioMixer: Display: No commands were queued while flushing the source manager.
[2020.01.31-22.39.59:022][315]LogSlate: Updating window title bar state: overlay mode, drag disabled, window buttons hidden, title bar hidden
[2020.01.31-22.39.59:022][315]LogWorld: BeginTearingDown for /Game/Maps/UEDPIE_0_TestMap
[2020.01.31-22.39.59:023][315]LogAudioMixer: Display: No commands were queued while flushing the source manager.
[2020.01.31-22.39.59:023][315]LogWorld: UWorld::CleanupWorld for TestMap, bSessionEnded=true, bCleanupResources=true
[2020.01.31-22.39.59:023][315]LogSlate: InvalidateAllWidgets triggered.  All widgets were invalidated
[2020.01.31-22.39.59:031][315]LogPlayLevel: Display: Shutting down PIE online subsystems
[2020.01.31-22.39.59:033][315]LogSlate: InvalidateAllWidgets triggered.  All widgets were invalidated
[2020.01.31-22.39.59:062][315]LogAudioMixer: Display: No commands were queued while flushing the source manager.
[2020.01.31-22.39.59:066][315]LogSlate: Updating window title bar state: overlay mode, drag disabled, window buttons hidden, title bar hidden
[2020.01.31-22.39.59:069][315]LogUObjectHash: Compacting FUObjectHashTables data took   1.54ms
[2020.01.31-22.39.59:131][319]LogPlayLevel: Display: Destroying online subsystem :Context_3
